Using pre-set license
Built from '2021.3/staging' branch; Version is '2021.3.2f1 (d6360bedb9a0) revision 14038539'; Using compiler version '192829333'; Build Type 'Release'
OS: 'Windows 10  (10.0.19044) 64bit Core' Language: 'en' Physical Memory: 16299 MB
BatchMode: 1, IsHumanControllingUs: 0, StartBugReporterOnCrash: 0, Is64bit: 1, IsPro: 1

COMMAND LINE ARGUMENTS:
C:\Program Files\Unity\Hub\Editor\2021.3.2f1\Editor\Unity.exe
-adb2
-batchMode
-noUpm
-name
AssetImportWorker2
-projectPath
C:/Users/Debbie Wu/Documents/Unity Projects/Farside
-logFile
Logs/AssetImportWorker2.log
-srvPort
49573
Successfully changed project path to: C:/Users/Debbie Wu/Documents/Unity Projects/Farside
C:/Users/Debbie Wu/Documents/Unity Projects/Farside
[UnityMemory] Configuration Parameters - Can be set up in boot.config
    "memorysetup-bucket-allocator-granularity=16"
    "memorysetup-bucket-allocator-bucket-count=8"
    "memorysetup-bucket-allocator-block-size=33554432"
    "memorysetup-bucket-allocator-block-count=8"
    "memorysetup-main-allocator-block-size=16777216"
    "memorysetup-thread-allocator-block-size=16777216"
    "memorysetup-gfx-main-allocator-block-size=16777216"
    "memorysetup-gfx-thread-allocator-block-size=16777216"
    "memorysetup-cache-allocator-block-size=4194304"
    "memorysetup-typetree-allocator-block-size=2097152"
    "memorysetup-profiler-bucket-allocator-granularity=16"
    "memorysetup-profiler-bucket-allocator-bucket-count=8"
    "memorysetup-profiler-bucket-allocator-block-size=33554432"
    "memorysetup-profiler-bucket-allocator-block-count=8"
    "memorysetup-profiler-allocator-block-size=16777216"
    "memorysetup-profiler-editor-allocator-block-size=1048576"
    "memorysetup-temp-allocator-size-main=16777216"
    "memorysetup-job-temp-allocator-block-size=2097152"
    "memorysetup-job-temp-allocator-block-size-background=1048576"
    "memorysetup-job-temp-allocator-reduction-small-platforms=262144"
    "memorysetup-temp-allocator-size-background-worker=32768"
    "memorysetup-temp-allocator-size-job-worker=262144"
    "memorysetup-temp-allocator-size-preload-manager=33554432"
    "memorysetup-temp-allocator-size-nav-mesh-worker=65536"
    "memorysetup-temp-allocator-size-audio-worker=65536"
    "memorysetup-temp-allocator-size-cloud-worker=32768"
    "memorysetup-temp-allocator-size-gi-baking-worker=262144"
    "memorysetup-temp-allocator-size-gfx=262144"
Refreshing native plugins compatible for Editor in 152.57 ms, found 4 plugins.
Preloading 0 native plugins for Editor in 0.00 ms.
Initialize engine version: 2021.3.2f1 (d6360bedb9a0)
[Subsystems] Discovering subsystems at path C:/Program Files/Unity/Hub/Editor/2021.3.2f1/Editor/Data/Resources/UnitySubsystems
[Subsystems] Discovering subsystems at path C:/Users/Debbie Wu/Documents/Unity Projects/Farside/Assets
GfxDevice: creating device client; threaded=0; jobified=0
Direct3D:
    Version:  Direct3D 11.0 [level 11.1]
    Renderer: AMD Radeon RX 5600 XT (ID=0x731f)
    Vendor:   ATI
    VRAM:     6103 MB
    Driver:   30.0.13023.4001
Initialize mono
Mono path[0] = 'C:/Program Files/Unity/Hub/Editor/2021.3.2f1/Editor/Data/Managed'
Mono path[1] = 'C:/Program Files/Unity/Hub/Editor/2021.3.2f1/Editor/Data/MonoBleedingEdge/lib/mono/unityjit-win32'
Mono config path = 'C:/Program Files/Unity/Hub/Editor/2021.3.2f1/Editor/Data/MonoBleedingEdge/etc'
Using monoOptions --debugger-agent=transport=dt_socket,embedding=1,server=y,suspend=n,address=127.0.0.1:56924
Begin MonoManager ReloadAssembly
Registering precompiled unity dll's ...
Register platform support module: C:/Program Files/Unity/Hub/Editor/2021.3.2f1/Editor/Data/PlaybackEngines/WebGLSupport/UnityEditor.WebGL.Extensions.dll
Register platform support module: C:/Program Files/Unity/Hub/Editor/2021.3.2f1/Editor/Data/PlaybackEngines/WindowsStandaloneSupport/UnityEditor.WindowsStandalone.Extensions.dll
Registered in 0.008735 seconds.
Native extension for WindowsStandalone target not found
Native extension for WebGL target not found
Refreshing native plugins compatible for Editor in 135.33 ms, found 4 plugins.
Preloading 0 native plugins for Editor in 0.00 ms.
Mono: successfully reloaded assembly
- Completed reload, in  0.633 seconds
Domain Reload Profiling:
	ReloadAssembly (633ms)
		BeginReloadAssembly (72ms)
			ExecutionOrderSort (0ms)
			DisableScriptedObjects (0ms)
			BackupInstance (0ms)
			ReleaseScriptingObjects (0ms)
			CreateAndSetChildDomain (1ms)
		EndReloadAssembly (458ms)
			LoadAssemblies (69ms)
			RebuildTransferFunctionScriptingTraits (0ms)
			SetupTypeCache (91ms)
			ReleaseScriptCaches (0ms)
			RebuildScriptCaches (26ms)
			SetupLoadedEditorAssemblies (293ms)
				LogAssemblyErrors (0ms)
				InitializePlatformSupportModulesInManaged (9ms)
				SetLoadedEditorAssemblies (0ms)
				RefreshPlugins (135ms)
				BeforeProcessingInitializeOnLoad (1ms)
				ProcessInitializeOnLoadAttributes (106ms)
				ProcessInitializeOnLoadMethodAttributes (41ms)
				AfterProcessingInitializeOnLoad (0ms)
				EditorAssembliesLoaded (0ms)
			ExecutionOrderSort2 (0ms)
			AwakeInstancesAfterBackupRestoration (0ms)
Platform modules already initialized, skipping
Registering precompiled user dll's ...
Registered in 0.007484 seconds.
Begin MonoManager ReloadAssembly
Symbol file LoadedFromMemory doesn't match image C:\Users\Debbie Wu\Documents\Unity Projects\Farside\Library\PackageCache\com.unity.visualscripting@1.7.6\Editor\VisualScripting.Core\Dependencies\YamlDotNet\Unity.VisualScripting.YamlDotNet.dll
Symbol file LoadedFromMemory doesn't match image C:\Users\Debbie Wu\Documents\Unity Projects\Farside\Library\PackageCache\com.unity.visualscripting@1.7.6\Editor\VisualScripting.Core\Dependencies\DotNetZip\Unity.VisualScripting.IonicZip.dll
Native extension for WindowsStandalone target not found
Native extension for WebGL target not found
Refreshing native plugins compatible for Editor in 141.37 ms, found 4 plugins.
Preloading 0 native plugins for Editor in 0.00 ms.
Mono: successfully reloaded assembly
- Completed reload, in  1.316 seconds
Domain Reload Profiling:
	ReloadAssembly (1317ms)
		BeginReloadAssembly (107ms)
			ExecutionOrderSort (0ms)
			DisableScriptedObjects (5ms)
			BackupInstance (0ms)
			ReleaseScriptingObjects (0ms)
			CreateAndSetChildDomain (16ms)
		EndReloadAssembly (1100ms)
			LoadAssemblies (87ms)
			RebuildTransferFunctionScriptingTraits (0ms)
			SetupTypeCache (261ms)
			ReleaseScriptCaches (1ms)
			RebuildScriptCaches (62ms)
			SetupLoadedEditorAssemblies (651ms)
				LogAssemblyErrors (0ms)
				InitializePlatformSupportModulesInManaged (5ms)
				SetLoadedEditorAssemblies (0ms)
				RefreshPlugins (141ms)
				BeforeProcessingInitializeOnLoad (137ms)
				ProcessInitializeOnLoadAttributes (264ms)
				ProcessInitializeOnLoadMethodAttributes (94ms)
				AfterProcessingInitializeOnLoad (9ms)
				EditorAssembliesLoaded (0ms)
			ExecutionOrderSort2 (0ms)
			AwakeInstancesAfterBackupRestoration (5ms)
Platform modules already initialized, skipping
========================================================================
Worker process is ready to serve import requests
Launched and connected shader compiler UnityShaderCompiler.exe after 0.04 seconds
Refreshing native plugins compatible for Editor in 0.99 ms, found 4 plugins.
Preloading 0 native plugins for Editor in 0.00 ms.
Unloading 5860 Unused Serialized files (Serialized files now loaded: 0)
Unloading 60 unused Assets / (2.1 MB). Loaded Objects now: 6296.
Memory consumption went from 238.1 MB to 236.0 MB.
Total: 4.102000 ms (FindLiveObjects: 0.528300 ms CreateObjectMapping: 0.159700 ms MarkObjects: 2.774200 ms  DeleteObjects: 0.638900 ms)

AssetImportParameters requested are different than current active one (requested -> active):
  custom:video-decoder-ogg-theora: a1e56fd34408186e4bbccfd4996cb3dc -> 
  custom:container-muxer-webm: aa71ff27fc2769a1b78a27578f13a17b -> 
  custom:container-demuxer-webm: 4f35f7cbe854078d1ac9338744f61a02 -> 
  custom:video-encoder-webm-vp8: eb34c28f22e8b96e1ab97ce403110664 -> 
  custom:audio-encoder-webm-vorbis: bf7c407c2cedff20999df2af8eb42d56 -> 
  custom:framework-win-MediaFoundation: 216162199b28c13a410421893ffa2e32 -> 
  custom:container-demuxer-ogg: 62fdf1f143b41e24485cea50d1cbac27 -> 
  custom:video-decoder-webm-vp8: 9c59270c3fd7afecdb556c50c9e8de78 -> 
  custom:audio-decoder-ogg-vorbis: bf7c407c2cedff20999df2af8eb42d56 -> 
========================================================================
Received Import Request.
  Time since last request: 567409.837666 seconds.
  path: Assets/Prefabs/NPCs/Cat.prefab
  artifactKey: Guid(3495cbbacc7d72441b3958f14185b369) Importer(815301076,1909f56bfc062723c751e8b465ee728b)
Start importing Assets/Prefabs/NPCs/Cat.prefab using Guid(3495cbbacc7d72441b3958f14185b369) Importer(815301076,1909f56bfc062723c751e8b465ee728b)  -> (artifact id: '91c68e241dc5e9d953d9084e99c2d5a5') in 0.221860 seconds 
========================================================================
Received Import Request.
  Time since last request: 0.000024 seconds.
  path: Assets/Prefabs/NPCs/Cat Variant.prefab
  artifactKey: Guid(84476ba608f179e4488c50e50f43d3d7) Importer(815301076,1909f56bfc062723c751e8b465ee728b)
Start importing Assets/Prefabs/NPCs/Cat Variant.prefab using Guid(84476ba608f179e4488c50e50f43d3d7) Importer(815301076,1909f56bfc062723c751e8b465ee728b)  -> (artifact id: '481d4cf5223016271f1c1112431d4fb6') in 0.021624 seconds 
========================================================================
Received Import Request.
  Time since last request: 0.000033 seconds.
  path: Assets/Prefabs/NPCs/MouseGray.prefab
  artifactKey: Guid(8911d24b63150d94faf356fbe6928615) Importer(815301076,1909f56bfc062723c751e8b465ee728b)
Start importing Assets/Prefabs/NPCs/MouseGray.prefab using Guid(8911d24b63150d94faf356fbe6928615) Importer(815301076,1909f56bfc062723c751e8b465ee728b)  -> (artifact id: 'dd6d4a173891f098042b953514741f93') in 0.015028 seconds 
========================================================================
Received Import Request.
  Time since last request: 10.322281 seconds.
  path: Assets/Prefabs/NPCs/Cat.prefab
  artifactKey: Guid(3495cbbacc7d72441b3958f14185b369) Importer(815301076,1909f56bfc062723c751e8b465ee728b)
Start importing Assets/Prefabs/NPCs/Cat.prefab using Guid(3495cbbacc7d72441b3958f14185b369) Importer(815301076,1909f56bfc062723c751e8b465ee728b)  -> (artifact id: '931707abee82c832d8368765a8395e18') in 0.011442 seconds 
========================================================================
Received Import Request.
  Time since last request: 17.054591 seconds.
  path: Assets/Prefabs/NPCs/Cat.prefab
  artifactKey: Guid(3495cbbacc7d72441b3958f14185b369) Importer(815301076,1909f56bfc062723c751e8b465ee728b)
Start importing Assets/Prefabs/NPCs/Cat.prefab using Guid(3495cbbacc7d72441b3958f14185b369) Importer(815301076,1909f56bfc062723c751e8b465ee728b)  -> (artifact id: '83471591a784f78f77cfad5b600362c9') in 0.010507 seconds 
========================================================================
Received Import Request.
  Time since last request: 17.323721 seconds.
  path: Assets/Prefabs/NPCs/Cat.prefab
  artifactKey: Guid(3495cbbacc7d72441b3958f14185b369) Importer(815301076,1909f56bfc062723c751e8b465ee728b)
Start importing Assets/Prefabs/NPCs/Cat.prefab using Guid(3495cbbacc7d72441b3958f14185b369) Importer(815301076,1909f56bfc062723c751e8b465ee728b)  -> (artifact id: 'd3f4f7812e0b306867723e5d0af98a7e') in 0.012130 seconds 
========================================================================
Received Import Request.
  Time since last request: 6.020440 seconds.
  path: Assets/Prefabs/NPCs/Cat.prefab
  artifactKey: Guid(3495cbbacc7d72441b3958f14185b369) Importer(815301076,1909f56bfc062723c751e8b465ee728b)
Start importing Assets/Prefabs/NPCs/Cat.prefab using Guid(3495cbbacc7d72441b3958f14185b369) Importer(815301076,1909f56bfc062723c751e8b465ee728b)  -> (artifact id: 'f1511eb27575bd33f646679fbdae3035') in 0.011341 seconds 
========================================================================
Received Import Request.
  Time since last request: 1.597364 seconds.
  path: Assets/Prefabs/NPCs/Cat.prefab
  artifactKey: Guid(3495cbbacc7d72441b3958f14185b369) Importer(815301076,1909f56bfc062723c751e8b465ee728b)
Start importing Assets/Prefabs/NPCs/Cat.prefab using Guid(3495cbbacc7d72441b3958f14185b369) Importer(815301076,1909f56bfc062723c751e8b465ee728b)  -> (artifact id: '4b109cdc9a060287e120e3d58b9205db') in 0.010366 seconds 
========================================================================
Received Import Request.
  Time since last request: 1.786847 seconds.
  path: Assets/Prefabs/NPCs/Cat.prefab
  artifactKey: Guid(3495cbbacc7d72441b3958f14185b369) Importer(815301076,1909f56bfc062723c751e8b465ee728b)
Start importing Assets/Prefabs/NPCs/Cat.prefab using Guid(3495cbbacc7d72441b3958f14185b369) Importer(815301076,1909f56bfc062723c751e8b465ee728b)  -> (artifact id: '785972e3488a6bccdf7937b81f78cd6b') in 0.011930 seconds 
========================================================================
Received Import Request.
  Time since last request: 2.613808 seconds.
  path: Assets/Prefabs/NPCs/Cat.prefab
  artifactKey: Guid(3495cbbacc7d72441b3958f14185b369) Importer(815301076,1909f56bfc062723c751e8b465ee728b)
Start importing Assets/Prefabs/NPCs/Cat.prefab using Guid(3495cbbacc7d72441b3958f14185b369) Importer(815301076,1909f56bfc062723c751e8b465ee728b)  -> (artifact id: '62b87e268947df134d40b219f61979d0') in 0.010202 seconds 
========================================================================
Received Import Request.
  Time since last request: 6.650537 seconds.
  path: Assets/Prefabs/NPCs/Cat.prefab
  artifactKey: Guid(3495cbbacc7d72441b3958f14185b369) Importer(815301076,1909f56bfc062723c751e8b465ee728b)
Start importing Assets/Prefabs/NPCs/Cat.prefab using Guid(3495cbbacc7d72441b3958f14185b369) Importer(815301076,1909f56bfc062723c751e8b465ee728b)  -> (artifact id: 'c7ef77e059bcb98499b40ad066b5be46') in 0.011903 seconds 
========================================================================
Received Import Request.
  Time since last request: 1.386318 seconds.
  path: Assets/Prefabs/NPCs/Cat.prefab
  artifactKey: Guid(3495cbbacc7d72441b3958f14185b369) Importer(815301076,1909f56bfc062723c751e8b465ee728b)
Start importing Assets/Prefabs/NPCs/Cat.prefab using Guid(3495cbbacc7d72441b3958f14185b369) Importer(815301076,1909f56bfc062723c751e8b465ee728b)  -> (artifact id: 'c85b9d06677d2924c93c21df6ef328be') in 0.010209 seconds 
========================================================================
Received Import Request.
  Time since last request: 1.393965 seconds.
  path: Assets/Prefabs/NPCs/Cat.prefab
  artifactKey: Guid(3495cbbacc7d72441b3958f14185b369) Importer(815301076,1909f56bfc062723c751e8b465ee728b)
Start importing Assets/Prefabs/NPCs/Cat.prefab using Guid(3495cbbacc7d72441b3958f14185b369) Importer(815301076,1909f56bfc062723c751e8b465ee728b)  -> (artifact id: 'f395f8f41e12d678fa9d9e556248accc') in 0.010087 seconds 
========================================================================
Received Import Request.
  Time since last request: 3.004109 seconds.
  path: Assets/Prefabs/NPCs/Cat.prefab
  artifactKey: Guid(3495cbbacc7d72441b3958f14185b369) Importer(815301076,1909f56bfc062723c751e8b465ee728b)
Start importing Assets/Prefabs/NPCs/Cat.prefab using Guid(3495cbbacc7d72441b3958f14185b369) Importer(815301076,1909f56bfc062723c751e8b465ee728b)  -> (artifact id: '6ecc5dbfe0b432f00e11c76bd3cc6cfb') in 0.011003 seconds 
========================================================================
Received Import Request.
  Time since last request: 36.689843 seconds.
  path: Assets/Prefabs/NPCs/Cat.prefab
  artifactKey: Guid(3495cbbacc7d72441b3958f14185b369) Importer(815301076,1909f56bfc062723c751e8b465ee728b)
Start importing Assets/Prefabs/NPCs/Cat.prefab using Guid(3495cbbacc7d72441b3958f14185b369) Importer(815301076,1909f56bfc062723c751e8b465ee728b)  -> (artifact id: '766d0e71ca2a9fdc9ff83c96c151eebe') in 0.010153 seconds 
========================================================================
Received Import Request.
  Time since last request: 26.403212 seconds.
  path: Assets/Prefabs/NPCs/Cat Variant.prefab
  artifactKey: Guid(84476ba608f179e4488c50e50f43d3d7) Importer(815301076,1909f56bfc062723c751e8b465ee728b)
Start importing Assets/Prefabs/NPCs/Cat Variant.prefab using Guid(84476ba608f179e4488c50e50f43d3d7) Importer(815301076,1909f56bfc062723c751e8b465ee728b)  -> (artifact id: '0e1ddc79e29fe89bf66eefc1fd1f475c') in 0.013414 seconds 
========================================================================
Received Import Request.
  Time since last request: 1.576124 seconds.
  path: Assets/Prefabs/NPCs/Cat Variant.prefab
  artifactKey: Guid(84476ba608f179e4488c50e50f43d3d7) Importer(815301076,1909f56bfc062723c751e8b465ee728b)
Start importing Assets/Prefabs/NPCs/Cat Variant.prefab using Guid(84476ba608f179e4488c50e50f43d3d7) Importer(815301076,1909f56bfc062723c751e8b465ee728b)  -> (artifact id: 'a3df6663c312e2aba17d1c67b09b6616') in 0.013071 seconds 
========================================================================
Received Import Request.
  Time since last request: 6.437894 seconds.
  path: Assets/Prefabs/NPCs/Cat Variant.prefab
  artifactKey: Guid(84476ba608f179e4488c50e50f43d3d7) Importer(815301076,1909f56bfc062723c751e8b465ee728b)
Start importing Assets/Prefabs/NPCs/Cat Variant.prefab using Guid(84476ba608f179e4488c50e50f43d3d7) Importer(815301076,1909f56bfc062723c751e8b465ee728b)  -> (artifact id: '0b21d95d79d7d21b9412ecc8ca7f2aa7') in 0.013618 seconds 
========================================================================
Received Import Request.
  Time since last request: 0.985291 seconds.
  path: Assets/Prefabs/NPCs/Cat Variant.prefab
  artifactKey: Guid(84476ba608f179e4488c50e50f43d3d7) Importer(815301076,1909f56bfc062723c751e8b465ee728b)
Start importing Assets/Prefabs/NPCs/Cat Variant.prefab using Guid(84476ba608f179e4488c50e50f43d3d7) Importer(815301076,1909f56bfc062723c751e8b465ee728b)  -> (artifact id: '905d7a466b1c711904258d057c9eee20') in 0.012620 seconds 
========================================================================
Received Import Request.
  Time since last request: 1.199630 seconds.
  path: Assets/Prefabs/NPCs/Cat Variant.prefab
  artifactKey: Guid(84476ba608f179e4488c50e50f43d3d7) Importer(815301076,1909f56bfc062723c751e8b465ee728b)
Start importing Assets/Prefabs/NPCs/Cat Variant.prefab using Guid(84476ba608f179e4488c50e50f43d3d7) Importer(815301076,1909f56bfc062723c751e8b465ee728b)  -> (artifact id: '3d99b587b66baef4fbb913a3ab2b6a65') in 0.014627 seconds 
========================================================================
Received Import Request.
  Time since last request: 1.780253 seconds.
  path: Assets/Prefabs/NPCs/Cat Variant.prefab
  artifactKey: Guid(84476ba608f179e4488c50e50f43d3d7) Importer(815301076,1909f56bfc062723c751e8b465ee728b)
Start importing Assets/Prefabs/NPCs/Cat Variant.prefab using Guid(84476ba608f179e4488c50e50f43d3d7) Importer(815301076,1909f56bfc062723c751e8b465ee728b)  -> (artifact id: 'f7ad760491d6737d60ad2eb0ab9b63a6') in 0.012696 seconds 
========================================================================
Received Import Request.
  Time since last request: 629.561135 seconds.
  path: Assets/Prefabs/NPCs/Dobermann 1.prefab
  artifactKey: Guid(92dd3cbe2e94ebf4091ff36fc5bc21c2) Importer(815301076,1909f56bfc062723c751e8b465ee728b)
Start importing Assets/Prefabs/NPCs/Dobermann 1.prefab using Guid(92dd3cbe2e94ebf4091ff36fc5bc21c2) Importer(815301076,1909f56bfc062723c751e8b465ee728b)  -> (artifact id: '3f233f125f87ecf61d49981d1c8bd39f') in 0.022928 seconds 
========================================================================
Received Import Request.
  Time since last request: 4.193990 seconds.
  path: Assets/Prefabs/NPCs/Dobermann 1.prefab
  artifactKey: Guid(92dd3cbe2e94ebf4091ff36fc5bc21c2) Importer(815301076,1909f56bfc062723c751e8b465ee728b)
Start importing Assets/Prefabs/NPCs/Dobermann 1.prefab using Guid(92dd3cbe2e94ebf4091ff36fc5bc21c2) Importer(815301076,1909f56bfc062723c751e8b465ee728b)  -> (artifact id: '973d18fe653535e583926c11bfb15dbd') in 0.012074 seconds 
========================================================================
Received Import Request.
  Time since last request: 5.613573 seconds.
  path: Assets/Prefabs/NPCs/Dobermann 1.prefab
  artifactKey: Guid(92dd3cbe2e94ebf4091ff36fc5bc21c2) Importer(815301076,1909f56bfc062723c751e8b465ee728b)
Start importing Assets/Prefabs/NPCs/Dobermann 1.prefab using Guid(92dd3cbe2e94ebf4091ff36fc5bc21c2) Importer(815301076,1909f56bfc062723c751e8b465ee728b)  -> (artifact id: '712274a64de213c43fde5bc200261e91') in 0.011382 seconds 
========================================================================
Received Import Request.
  Time since last request: 225.521753 seconds.
  path: Assets/Prefabs/NPCs/Dobermann 1.prefab
  artifactKey: Guid(92dd3cbe2e94ebf4091ff36fc5bc21c2) Importer(815301076,1909f56bfc062723c751e8b465ee728b)
Start importing Assets/Prefabs/NPCs/Dobermann 1.prefab using Guid(92dd3cbe2e94ebf4091ff36fc5bc21c2) Importer(815301076,1909f56bfc062723c751e8b465ee728b)  -> (artifact id: 'bfc95faf8aeda02ce336dfac27356508') in 0.012145 seconds 
========================================================================
Received Import Request.
  Time since last request: 11.265651 seconds.
  path: Assets/Prefabs/NPCs/Dobermann 1.prefab
  artifactKey: Guid(92dd3cbe2e94ebf4091ff36fc5bc21c2) Importer(815301076,1909f56bfc062723c751e8b465ee728b)
Start importing Assets/Prefabs/NPCs/Dobermann 1.prefab using Guid(92dd3cbe2e94ebf4091ff36fc5bc21c2) Importer(815301076,1909f56bfc062723c751e8b465ee728b)  -> (artifact id: '7263c2ab22368a096b59cbce48ff17ad') in 0.012530 seconds 
========================================================================
Received Import Request.
  Time since last request: 1.180943 seconds.
  path: Assets/Prefabs/NPCs/Dobermann 1.prefab
  artifactKey: Guid(92dd3cbe2e94ebf4091ff36fc5bc21c2) Importer(815301076,1909f56bfc062723c751e8b465ee728b)
Start importing Assets/Prefabs/NPCs/Dobermann 1.prefab using Guid(92dd3cbe2e94ebf4091ff36fc5bc21c2) Importer(815301076,1909f56bfc062723c751e8b465ee728b)  -> (artifact id: 'ebdf22a1732c65226d4179a607118244') in 0.011514 seconds 
========================================================================
Received Import Request.
  Time since last request: 197.630271 seconds.
  path: Assets/Prefabs/NPCs/Dog.prefab
  artifactKey: Guid(0251fa2bd0944c746b8bd83b29da9f43) Importer(815301076,1909f56bfc062723c751e8b465ee728b)
Start importing Assets/Prefabs/NPCs/Dog.prefab using Guid(0251fa2bd0944c746b8bd83b29da9f43) Importer(815301076,1909f56bfc062723c751e8b465ee728b)  -> (artifact id: 'fa9dd762050ea2daafb5b59298113c31') in 0.013074 seconds 
========================================================================
Received Import Request.
  Time since last request: 158.824464 seconds.
  path: Assets/Prefabs/NPCs/MouseBrown.prefab
  artifactKey: Guid(c379662bc2d991e4d8de375efdae1313) Importer(815301076,1909f56bfc062723c751e8b465ee728b)
Start importing Assets/Prefabs/NPCs/MouseBrown.prefab using Guid(c379662bc2d991e4d8de375efdae1313) Importer(815301076,1909f56bfc062723c751e8b465ee728b)  -> (artifact id: 'a6b86600ff0d9cdbe20430f111030da2') in 0.013099 seconds 
========================================================================
Received Import Request.
  Time since last request: 1.361235 seconds.
  path: Assets/Prefabs/NPCs/MouseBrown.prefab
  artifactKey: Guid(c379662bc2d991e4d8de375efdae1313) Importer(815301076,1909f56bfc062723c751e8b465ee728b)
Start importing Assets/Prefabs/NPCs/MouseBrown.prefab using Guid(c379662bc2d991e4d8de375efdae1313) Importer(815301076,1909f56bfc062723c751e8b465ee728b)  -> (artifact id: '0a57924168f7ccaf81c8e287d8980dbd') in 0.012617 seconds 
========================================================================
Received Import Request.
  Time since last request: 3.225522 seconds.
  path: Assets/Prefabs/NPCs/MouseBrown.prefab
  artifactKey: Guid(c379662bc2d991e4d8de375efdae1313) Importer(815301076,1909f56bfc062723c751e8b465ee728b)
Start importing Assets/Prefabs/NPCs/MouseBrown.prefab using Guid(c379662bc2d991e4d8de375efdae1313) Importer(815301076,1909f56bfc062723c751e8b465ee728b)  -> (artifact id: '415c4a32f8758c9c8b9c4ee61bca963b') in 0.012242 seconds 
========================================================================
Received Import Request.
  Time since last request: 1.593702 seconds.
  path: Assets/Prefabs/NPCs/MouseBrown.prefab
  artifactKey: Guid(c379662bc2d991e4d8de375efdae1313) Importer(815301076,1909f56bfc062723c751e8b465ee728b)
Start importing Assets/Prefabs/NPCs/MouseBrown.prefab using Guid(c379662bc2d991e4d8de375efdae1313) Importer(815301076,1909f56bfc062723c751e8b465ee728b)  -> (artifact id: '6c3b0d9703df526f678d6c7d6969d06b') in 0.012115 seconds 
========================================================================
Received Import Request.
  Time since last request: 206.866116 seconds.
  path: Assets/Prefabs/NPCs/MouseBrown.prefab
  artifactKey: Guid(c379662bc2d991e4d8de375efdae1313) Importer(815301076,1909f56bfc062723c751e8b465ee728b)
Start importing Assets/Prefabs/NPCs/MouseBrown.prefab using Guid(c379662bc2d991e4d8de375efdae1313) Importer(815301076,1909f56bfc062723c751e8b465ee728b)  -> (artifact id: 'eaee86827e197987778eac3c4150d3e1') in 0.013036 seconds 
========================================================================
Received Import Request.
  Time since last request: 241.144675 seconds.
  path: Assets/Scenes/Map1a.unity
  artifactKey: Guid(6f2e152288b82ba429b4b49a253af8c8) Importer(815301076,1909f56bfc062723c751e8b465ee728b)
Start importing Assets/Scenes/Map1a.unity using Guid(6f2e152288b82ba429b4b49a253af8c8) Importer(815301076,1909f56bfc062723c751e8b465ee728b)  -> (artifact id: 'e26a3395e9579222b3b03d012ddc9eb4') in 0.005795 seconds 
========================================================================
Received Import Request.
  Time since last request: 650.606741 seconds.
  path: Assets/Prefabs/Managers Dialogue + Audio
  artifactKey: Guid(d6703ff4e9536ed40b966c85cece3864) Importer(815301076,1909f56bfc062723c751e8b465ee728b)
Start importing Assets/Prefabs/Managers Dialogue + Audio using Guid(d6703ff4e9536ed40b966c85cece3864) Importer(815301076,1909f56bfc062723c751e8b465ee728b)  -> (artifact id: '7f6a9a6ce48d015dfb40b28d8bf0c3f9') in 0.005808 seconds 
========================================================================
Received Import Request.
  Time since last request: 0.061217 seconds.
  path: Assets/Prefabs/Managers Dialogue + Audio/AudioManager Variant.prefab
  artifactKey: Guid(71206bee183e05c41a54359ef20bbc51) Importer(815301076,1909f56bfc062723c751e8b465ee728b)
Start importing Assets/Prefabs/Managers Dialogue + Audio/AudioManager Variant.prefab using Guid(71206bee183e05c41a54359ef20bbc51) Importer(815301076,1909f56bfc062723c751e8b465ee728b)  -> (artifact id: 'b9d045e715c164c79ab8a059de92ebc4') in 0.011055 seconds 
========================================================================
Received Import Request.
  Time since last request: 0.000041 seconds.
  path: Assets/Prefabs/Managers Dialogue + Audio/Dialogue UI.prefab
  artifactKey: Guid(4db648b1dcdde6044afff7d9cbb30271) Importer(815301076,1909f56bfc062723c751e8b465ee728b)
Start importing Assets/Prefabs/Managers Dialogue + Audio/Dialogue UI.prefab using Guid(4db648b1dcdde6044afff7d9cbb30271) Importer(815301076,1909f56bfc062723c751e8b465ee728b)  -> (artifact id: '65c0b2dcd1a45700d0202297b644714e') in 0.036022 seconds 
========================================================================
Received Import Request.
  Time since last request: 0.000023 seconds.
  path: Assets/Prefabs/Managers Dialogue + Audio/DialogueManager.prefab
  artifactKey: Guid(16848e73742664d43a33470653626b3c) Importer(815301076,1909f56bfc062723c751e8b465ee728b)
Start importing Assets/Prefabs/Managers Dialogue + Audio/DialogueManager.prefab using Guid(16848e73742664d43a33470653626b3c) Importer(815301076,1909f56bfc062723c751e8b465ee728b)  -> (artifact id: 'f187351938798135104ce9e57a4eaf21') in 0.008879 seconds 
Editor requested this worker to shutdown with reason: Scaling down because of idle timeout
AssetImportWorker is now disconnected from the server
Process exiting
Exiting without the bug reporter. Application will terminate with return code 0