Using pre-set license
Built from '2021.3/staging' branch; Version is '2021.3.2f1 (d6360bedb9a0) revision 14038539'; Using compiler version '192829333'; Build Type 'Release'
OS: 'Windows 10  (10.0.19044) 64bit Core' Language: 'en' Physical Memory: 15789 MB
BatchMode: 1, IsHumanControllingUs: 0, StartBugReporterOnCrash: 0, Is64bit: 1, IsPro: 1

COMMAND LINE ARGUMENTS:
C:\Program Files\Unity\Hub\Editor\2021.3.2f1\Editor\Unity.exe
-adb2
-batchMode
-noUpm
-name
AssetImportWorker4
-projectPath
C:/Users/malor/OneDrive/Documents/GitHub/y3abOl/Farside
-logFile
Logs/AssetImportWorker4.log
-srvPort
58045
Successfully changed project path to: C:/Users/malor/OneDrive/Documents/GitHub/y3abOl/Farside
C:/Users/malor/OneDrive/Documents/GitHub/y3abOl/Farside
[UnityMemory] Configuration Parameters - Can be set up in boot.config
    "memorysetup-bucket-allocator-granularity=16"
    "memorysetup-bucket-allocator-bucket-count=8"
    "memorysetup-bucket-allocator-block-size=33554432"
    "memorysetup-bucket-allocator-block-count=8"
    "memorysetup-main-allocator-block-size=16777216"
    "memorysetup-thread-allocator-block-size=16777216"
    "memorysetup-gfx-main-allocator-block-size=16777216"
    "memorysetup-gfx-thread-allocator-block-size=16777216"
    "memorysetup-cache-allocator-block-size=4194304"
    "memorysetup-typetree-allocator-block-size=2097152"
    "memorysetup-profiler-bucket-allocator-granularity=16"
    "memorysetup-profiler-bucket-allocator-bucket-count=8"
    "memorysetup-profiler-bucket-allocator-block-size=33554432"
    "memorysetup-profiler-bucket-allocator-block-count=8"
    "memorysetup-profiler-allocator-block-size=16777216"
    "memorysetup-profiler-editor-allocator-block-size=1048576"
    "memorysetup-temp-allocator-size-main=16777216"
    "memorysetup-job-temp-allocator-block-size=2097152"
    "memorysetup-job-temp-allocator-block-size-background=1048576"
    "memorysetup-job-temp-allocator-reduction-small-platforms=262144"
    "memorysetup-temp-allocator-size-background-worker=32768"
    "memorysetup-temp-allocator-size-job-worker=262144"
    "memorysetup-temp-allocator-size-preload-manager=33554432"
    "memorysetup-temp-allocator-size-nav-mesh-worker=65536"
    "memorysetup-temp-allocator-size-audio-worker=65536"
    "memorysetup-temp-allocator-size-cloud-worker=32768"
    "memorysetup-temp-allocator-size-gi-baking-worker=262144"
    "memorysetup-temp-allocator-size-gfx=262144"
Refreshing native plugins compatible for Editor in 139.08 ms, found 4 plugins.
Preloading 0 native plugins for Editor in 0.00 ms.
Initialize engine version: 2021.3.2f1 (d6360bedb9a0)
[Subsystems] Discovering subsystems at path C:/Program Files/Unity/Hub/Editor/2021.3.2f1/Editor/Data/Resources/UnitySubsystems
[Subsystems] Discovering subsystems at path C:/Users/malor/OneDrive/Documents/GitHub/y3abOl/Farside/Assets
GfxDevice: creating device client; threaded=0; jobified=0
Direct3D:
    Version:  Direct3D 11.0 [level 11.1]
    Renderer: NVIDIA GeForce RTX 2060 with Max-Q Design (ID=0x1f12)
    Vendor:   NVIDIA
    VRAM:     5980 MB
    Driver:   30.0.15.1278
Initialize mono
Mono path[0] = 'C:/Program Files/Unity/Hub/Editor/2021.3.2f1/Editor/Data/Managed'
Mono path[1] = 'C:/Program Files/Unity/Hub/Editor/2021.3.2f1/Editor/Data/MonoBleedingEdge/lib/mono/unityjit-win32'
Mono config path = 'C:/Program Files/Unity/Hub/Editor/2021.3.2f1/Editor/Data/MonoBleedingEdge/etc'
Using monoOptions --debugger-agent=transport=dt_socket,embedding=1,server=y,suspend=n,address=127.0.0.1:56128
Begin MonoManager ReloadAssembly
Registering precompiled unity dll's ...
Register platform support module: C:/Program Files/Unity/Hub/Editor/2021.3.2f1/Editor/Data/PlaybackEngines/WebGLSupport/UnityEditor.WebGL.Extensions.dll
Register platform support module: C:/Program Files/Unity/Hub/Editor/2021.3.2f1/Editor/Data/PlaybackEngines/WindowsStandaloneSupport/UnityEditor.WindowsStandalone.Extensions.dll
Registered in 0.007987 seconds.
Native extension for WindowsStandalone target not found
Native extension for WebGL target not found
Refreshing native plugins compatible for Editor in 135.67 ms, found 4 plugins.
Preloading 0 native plugins for Editor in 0.00 ms.
Mono: successfully reloaded assembly
- Completed reload, in  0.648 seconds
Domain Reload Profiling:
	ReloadAssembly (649ms)
		BeginReloadAssembly (69ms)
			ExecutionOrderSort (0ms)
			DisableScriptedObjects (0ms)
			BackupInstance (0ms)
			ReleaseScriptingObjects (0ms)
			CreateAndSetChildDomain (1ms)
		EndReloadAssembly (470ms)
			LoadAssemblies (67ms)
			RebuildTransferFunctionScriptingTraits (0ms)
			SetupTypeCache (99ms)
			ReleaseScriptCaches (0ms)
			RebuildScriptCaches (26ms)
			SetupLoadedEditorAssemblies (296ms)
				LogAssemblyErrors (0ms)
				InitializePlatformSupportModulesInManaged (10ms)
				SetLoadedEditorAssemblies (0ms)
				RefreshPlugins (136ms)
				BeforeProcessingInitializeOnLoad (1ms)
				ProcessInitializeOnLoadAttributes (109ms)
				ProcessInitializeOnLoadMethodAttributes (41ms)
				AfterProcessingInitializeOnLoad (0ms)
				EditorAssembliesLoaded (0ms)
			ExecutionOrderSort2 (0ms)
			AwakeInstancesAfterBackupRestoration (0ms)
Platform modules already initialized, skipping
Registering precompiled user dll's ...
Registered in 0.007244 seconds.
Begin MonoManager ReloadAssembly
Native extension for WindowsStandalone target not found
Native extension for WebGL target not found
Refreshing native plugins compatible for Editor in 137.15 ms, found 4 plugins.
Preloading 0 native plugins for Editor in 0.00 ms.
Mono: successfully reloaded assembly
- Completed reload, in  1.316 seconds
Domain Reload Profiling:
	ReloadAssembly (1316ms)
		BeginReloadAssembly (102ms)
			ExecutionOrderSort (0ms)
			DisableScriptedObjects (5ms)
			BackupInstance (0ms)
			ReleaseScriptingObjects (0ms)
			CreateAndSetChildDomain (19ms)
		EndReloadAssembly (1102ms)
			LoadAssemblies (86ms)
			RebuildTransferFunctionScriptingTraits (0ms)
			SetupTypeCache (268ms)
			ReleaseScriptCaches (1ms)
			RebuildScriptCaches (74ms)
			SetupLoadedEditorAssemblies (629ms)
				LogAssemblyErrors (0ms)
				InitializePlatformSupportModulesInManaged (6ms)
				SetLoadedEditorAssemblies (0ms)
				RefreshPlugins (137ms)
				BeforeProcessingInitializeOnLoad (131ms)
				ProcessInitializeOnLoadAttributes (254ms)
				ProcessInitializeOnLoadMethodAttributes (93ms)
				AfterProcessingInitializeOnLoad (8ms)
				EditorAssembliesLoaded (0ms)
			ExecutionOrderSort2 (0ms)
			AwakeInstancesAfterBackupRestoration (5ms)
Platform modules already initialized, skipping
========================================================================
Worker process is ready to serve import requests
Launched and connected shader compiler UnityShaderCompiler.exe after 0.04 seconds
Refreshing native plugins compatible for Editor in 1.21 ms, found 4 plugins.
Preloading 0 native plugins for Editor in 0.00 ms.
Unloading 5865 Unused Serialized files (Serialized files now loaded: 0)
Unloading 54 unused Assets / (1.9 MB). Loaded Objects now: 6306.
Memory consumption went from 238.4 MB to 236.5 MB.
Total: 4.484400 ms (FindLiveObjects: 0.527300 ms CreateObjectMapping: 0.164400 ms MarkObjects: 3.188100 ms  DeleteObjects: 0.603200 ms)

AssetImportParameters requested are different than current active one (requested -> active):
  custom:video-decoder-ogg-theora: a1e56fd34408186e4bbccfd4996cb3dc -> 
  custom:container-muxer-webm: aa71ff27fc2769a1b78a27578f13a17b -> 
  custom:container-demuxer-webm: 4f35f7cbe854078d1ac9338744f61a02 -> 
  custom:video-encoder-webm-vp8: eb34c28f22e8b96e1ab97ce403110664 -> 
  custom:video-codec-MediaFoundation-h265: 746d11721c4dcdbdad8f713fa42b33f4 -> 
  custom:audio-encoder-webm-vorbis: bf7c407c2cedff20999df2af8eb42d56 -> 
  custom:framework-win-MediaFoundation: 216162199b28c13a410421893ffa2e32 -> 
  custom:container-demuxer-ogg: 62fdf1f143b41e24485cea50d1cbac27 -> 
  custom:video-decoder-webm-vp8: 9c59270c3fd7afecdb556c50c9e8de78 -> 
  custom:audio-decoder-ogg-vorbis: bf7c407c2cedff20999df2af8eb42d56 -> 
========================================================================
Received Import Request.
  Time since last request: 553451.440234 seconds.
  path: Assets/Imports/Misc/Decoration/axe.png
  artifactKey: Guid(f4cebb3d9b0e0cd40b1bc663f6e31c55) Importer(815301076,1909f56bfc062723c751e8b465ee728b)
Start importing Assets/Imports/Misc/Decoration/axe.png using Guid(f4cebb3d9b0e0cd40b1bc663f6e31c55) Importer(815301076,1909f56bfc062723c751e8b465ee728b)  -> (artifact id: '268ecdc2fdf3f0a10aef7f50fbaab245') in 0.117016 seconds 
========================================================================
Received Import Request.
  Time since last request: 0.000028 seconds.
  path: Assets/Imports/Misc/Decoration/bookshelf_2.png
  artifactKey: Guid(0ba2a20ba466ae24488a49fbd6c9d17c) Importer(815301076,1909f56bfc062723c751e8b465ee728b)
Start importing Assets/Imports/Misc/Decoration/bookshelf_2.png using Guid(0ba2a20ba466ae24488a49fbd6c9d17c) Importer(815301076,1909f56bfc062723c751e8b465ee728b)  -> (artifact id: 'fdca06ba5970cc91a4fc7aeeef33a99a') in 0.026921 seconds 
========================================================================
Received Import Request.
  Time since last request: 1.837984 seconds.
  path: Assets/Imports/Misc/Decoration/chair_2.png
  artifactKey: Guid(f493bfa09daef924d8397e50563f1281) Importer(815301076,1909f56bfc062723c751e8b465ee728b)
Start importing Assets/Imports/Misc/Decoration/chair_2.png using Guid(f493bfa09daef924d8397e50563f1281) Importer(815301076,1909f56bfc062723c751e8b465ee728b)  -> (artifact id: '975bdd692cd66071db957dd77dc96f4c') in 0.028290 seconds 
========================================================================
Received Import Request.
  Time since last request: 2.268321 seconds.
  path: Assets/Imports/Misc/Decoration/crate_1_damaged.png
  artifactKey: Guid(0d4eeab2e5cd56d468a05f44c5c15f05) Importer(815301076,1909f56bfc062723c751e8b465ee728b)
Start importing Assets/Imports/Misc/Decoration/crate_1_damaged.png using Guid(0d4eeab2e5cd56d468a05f44c5c15f05) Importer(815301076,1909f56bfc062723c751e8b465ee728b)  -> (artifact id: 'e1fcf8d1f2ce1c0004f602485a820f3f') in 0.024422 seconds 
========================================================================
Received Import Request.
  Time since last request: 0.015384 seconds.
  path: Assets/Imports/Misc/Decoration/crate_2_damaged.png
  artifactKey: Guid(d7e708b21a384eb4291c9f19b80ab1e6) Importer(815301076,1909f56bfc062723c751e8b465ee728b)
Start importing Assets/Imports/Misc/Decoration/crate_2_damaged.png using Guid(d7e708b21a384eb4291c9f19b80ab1e6) Importer(815301076,1909f56bfc062723c751e8b465ee728b)  -> (artifact id: 'c99f6d02e65355c103a992d9bff719be') in 0.024719 seconds 
========================================================================
Received Import Request.
  Time since last request: 0.512656 seconds.
  path: Assets/Imports/Misc/Decoration/crate_3_damaged.png
  artifactKey: Guid(b8a18d638e1a9f944841dbd9a38554c7) Importer(815301076,1909f56bfc062723c751e8b465ee728b)
Start importing Assets/Imports/Misc/Decoration/crate_3_damaged.png using Guid(b8a18d638e1a9f944841dbd9a38554c7) Importer(815301076,1909f56bfc062723c751e8b465ee728b)  -> (artifact id: 'd20ff2070d2dfe92498b3f7d371107ee') in 0.031431 seconds 
========================================================================
Received Import Request.
  Time since last request: 0.000026 seconds.
  path: Assets/Imports/Misc/Decoration/curtain_red_1.png
  artifactKey: Guid(d36d40cd2677f354fba9db02617171e0) Importer(815301076,1909f56bfc062723c751e8b465ee728b)
Start importing Assets/Imports/Misc/Decoration/curtain_red_1.png using Guid(d36d40cd2677f354fba9db02617171e0) Importer(815301076,1909f56bfc062723c751e8b465ee728b)  -> (artifact id: '2f6bb1402d688613dc46c4dd05cdd3e7') in 0.025189 seconds 
========================================================================
Received Import Request.
  Time since last request: 0.503550 seconds.
  path: Assets/Imports/Misc/Decoration/curtain_red_2.png
  artifactKey: Guid(238019695f58b964bb3c0cefee98e600) Importer(815301076,1909f56bfc062723c751e8b465ee728b)
Start importing Assets/Imports/Misc/Decoration/curtain_red_2.png using Guid(238019695f58b964bb3c0cefee98e600) Importer(815301076,1909f56bfc062723c751e8b465ee728b)  -> (artifact id: 'aace8e2cf603cc23680c3ab12b2aa4c0') in 0.025702 seconds 
========================================================================
Received Import Request.
  Time since last request: 0.000019 seconds.
  path: Assets/Imports/Misc/Decoration/flag_blue.png
  artifactKey: Guid(00237a77e05217f4c848efdcf2de4911) Importer(815301076,1909f56bfc062723c751e8b465ee728b)
Start importing Assets/Imports/Misc/Decoration/flag_blue.png using Guid(00237a77e05217f4c848efdcf2de4911) Importer(815301076,1909f56bfc062723c751e8b465ee728b)  -> (artifact id: '9427fb5d325e914c9066db963dc9764b') in 0.024682 seconds 
========================================================================
Received Import Request.
  Time since last request: 0.034332 seconds.
  path: Assets/Imports/Misc/Decoration/health_bar.png
  artifactKey: Guid(b50619ebdb4a03046999dbfcf77da7f2) Importer(815301076,1909f56bfc062723c751e8b465ee728b)
Start importing Assets/Imports/Misc/Decoration/health_bar.png using Guid(b50619ebdb4a03046999dbfcf77da7f2) Importer(815301076,1909f56bfc062723c751e8b465ee728b)  -> (artifact id: 'b7ea6daf07a1de68c2c746fb64a30848') in 0.026823 seconds 
========================================================================
Received Import Request.
  Time since last request: 2.081972 seconds.
  path: Assets/Imports/Misc/Decoration/pole_axe.png
  artifactKey: Guid(c75c03dc0ff371a4a903e46366b82a65) Importer(815301076,1909f56bfc062723c751e8b465ee728b)
Start importing Assets/Imports/Misc/Decoration/pole_axe.png using Guid(c75c03dc0ff371a4a903e46366b82a65) Importer(815301076,1909f56bfc062723c751e8b465ee728b)  -> (artifact id: '5525ea4799288c804158d18ca84eb165') in 0.025016 seconds 
========================================================================
Received Import Request.
  Time since last request: 0.351390 seconds.
  path: Assets/Imports/Misc/Decoration/potion_2.png
  artifactKey: Guid(42f43afaa1364fe42810f9a1e5e24813) Importer(815301076,1909f56bfc062723c751e8b465ee728b)
Start importing Assets/Imports/Misc/Decoration/potion_2.png using Guid(42f43afaa1364fe42810f9a1e5e24813) Importer(815301076,1909f56bfc062723c751e8b465ee728b)  -> (artifact id: '7f48ddf76c8b85f185677dc491290cc2') in 0.025493 seconds 
========================================================================
Received Import Request.
  Time since last request: 0.000020 seconds.
  path: Assets/Imports/Misc/Decoration/potion_4.png
  artifactKey: Guid(a26529c9c1f23444492b58689f97acac) Importer(815301076,1909f56bfc062723c751e8b465ee728b)
Start importing Assets/Imports/Misc/Decoration/potion_4.png using Guid(a26529c9c1f23444492b58689f97acac) Importer(815301076,1909f56bfc062723c751e8b465ee728b)  -> (artifact id: '77e0b07af4f854f931eba10e9547d653') in 0.025918 seconds 
========================================================================
Received Import Request.
  Time since last request: 0.000022 seconds.
  path: Assets/Imports/Misc/Decoration/scroll_1.png
  artifactKey: Guid(e46fef2b80f84834095bfad46014934c) Importer(815301076,1909f56bfc062723c751e8b465ee728b)
Start importing Assets/Imports/Misc/Decoration/scroll_1.png using Guid(e46fef2b80f84834095bfad46014934c) Importer(815301076,1909f56bfc062723c751e8b465ee728b)  -> (artifact id: 'fcbe6faaaa95b16df94bc9cf86afd2f7') in 0.026224 seconds 
========================================================================
Received Import Request.
  Time since last request: 0.006244 seconds.
  path: Assets/Imports/Misc/Decoration/sword_2.png
  artifactKey: Guid(96fb0f2c437454342948b8d60e89312c) Importer(815301076,1909f56bfc062723c751e8b465ee728b)
Start importing Assets/Imports/Misc/Decoration/sword_2.png using Guid(96fb0f2c437454342948b8d60e89312c) Importer(815301076,1909f56bfc062723c751e8b465ee728b)  -> (artifact id: 'd98824dbd4c7106b8c3ab9144a4c4b54') in 0.023374 seconds 
========================================================================
Received Import Request.
  Time since last request: 0.289035 seconds.
  path: Assets/Imports/Misc/Decoration/table_shadow.png
  artifactKey: Guid(7e8ab08a2dac0fa4db95ee0d7278daa6) Importer(815301076,1909f56bfc062723c751e8b465ee728b)
Start importing Assets/Imports/Misc/Decoration/table_shadow.png using Guid(7e8ab08a2dac0fa4db95ee0d7278daa6) Importer(815301076,1909f56bfc062723c751e8b465ee728b)  -> (artifact id: '3ed5938b79c866f2fb64ea71e0daddab') in 0.026869 seconds 
========================================================================
Received Import Request.
  Time since last request: 0.000023 seconds.
  path: Assets/Imports/Misc/Decoration/wood_plank_2.png
  artifactKey: Guid(183d4fed3f6924047ac154608490d0a9) Importer(815301076,1909f56bfc062723c751e8b465ee728b)
Start importing Assets/Imports/Misc/Decoration/wood_plank_2.png using Guid(183d4fed3f6924047ac154608490d0a9) Importer(815301076,1909f56bfc062723c751e8b465ee728b)  -> (artifact id: '8b76714f7cc859d1cbe3312c4ae65362') in 0.031229 seconds 
========================================================================
Received Import Request.
  Time since last request: 7.421222 seconds.
  path: Assets/Imports/Misc/fauna sprites/bird_flying_anim.gif
  artifactKey: Guid(b7209193f777d864fbedbb24927be872) Importer(815301076,1909f56bfc062723c751e8b465ee728b)
Start importing Assets/Imports/Misc/fauna sprites/bird_flying_anim.gif using Guid(b7209193f777d864fbedbb24927be872) Importer(815301076,1909f56bfc062723c751e8b465ee728b)  -> (artifact id: 'cbbfac27afbccd26a2244f52303ccbfb') in 0.035551 seconds 
========================================================================
Received Import Request.
  Time since last request: 0.000037 seconds.
  path: Assets/Imports/Misc/fauna sprites/fauna_spritesheet.png
  artifactKey: Guid(36bf36a3cd35e984796968108cc66c20) Importer(815301076,1909f56bfc062723c751e8b465ee728b)
Start importing Assets/Imports/Misc/fauna sprites/fauna_spritesheet.png using Guid(36bf36a3cd35e984796968108cc66c20) Importer(815301076,1909f56bfc062723c751e8b465ee728b)  -> (artifact id: '473ced28c16e42449f92925e1987d7a7') in 0.028403 seconds 
========================================================================
Received Import Request.
  Time since last request: 0.000027 seconds.
  path: Assets/Imports/Misc/fauna sprites/bird_walk_anim.gif
  artifactKey: Guid(1e98d97b612e923479f2b97548d622de) Importer(815301076,1909f56bfc062723c751e8b465ee728b)
Start importing Assets/Imports/Misc/fauna sprites/bird_walk_anim.gif using Guid(1e98d97b612e923479f2b97548d622de) Importer(815301076,1909f56bfc062723c751e8b465ee728b)  -> (artifact id: '2727891042fa44188043d0cb0b400b38') in 0.024583 seconds 
========================================================================
Received Import Request.
  Time since last request: 0.490367 seconds.
  path: Assets/Imports/Misc/fauna sprites/rabit_walk_anim.gif
  artifactKey: Guid(e5bf2ee5bab261f459af9f99f33110fa) Importer(815301076,1909f56bfc062723c751e8b465ee728b)
Start importing Assets/Imports/Misc/fauna sprites/rabit_walk_anim.gif using Guid(e5bf2ee5bab261f459af9f99f33110fa) Importer(815301076,1909f56bfc062723c751e8b465ee728b)  -> (artifact id: '30cd898ac3b18dfe1db08e1b62abb13c') in 0.024883 seconds 
========================================================================
Received Import Request.
  Time since last request: 3.559231 seconds.
  path: Assets/Imports/Misc/miscellaneous sprites/antidote_potion.png
  artifactKey: Guid(f13dbe77d702bcd41907fab9794597dc) Importer(815301076,1909f56bfc062723c751e8b465ee728b)
Start importing Assets/Imports/Misc/miscellaneous sprites/antidote_potion.png using Guid(f13dbe77d702bcd41907fab9794597dc) Importer(815301076,1909f56bfc062723c751e8b465ee728b)  -> (artifact id: '726c8eebb96347dcb0873359ef900c16') in 0.024600 seconds 
========================================================================
Received Import Request.
  Time since last request: 0.000028 seconds.
  path: Assets/Imports/Misc/miscellaneous sprites/arrow_plate_right.png
  artifactKey: Guid(af7d920f218064943b9d2a683d987497) Importer(815301076,1909f56bfc062723c751e8b465ee728b)
Start importing Assets/Imports/Misc/miscellaneous sprites/arrow_plate_right.png using Guid(af7d920f218064943b9d2a683d987497) Importer(815301076,1909f56bfc062723c751e8b465ee728b)  -> (artifact id: 'f60ee7fb98535076b08f63dd9207387f') in 0.021316 seconds 
========================================================================
Received Import Request.
  Time since last request: 0.000023 seconds.
  path: Assets/Imports/Misc/miscellaneous sprites/bigflowers_props.png
  artifactKey: Guid(89dce07b72f39d748b43d630a78fe97d) Importer(815301076,1909f56bfc062723c751e8b465ee728b)
Start importing Assets/Imports/Misc/miscellaneous sprites/bigflowers_props.png using Guid(89dce07b72f39d748b43d630a78fe97d) Importer(815301076,1909f56bfc062723c751e8b465ee728b)  -> (artifact id: '31835a96f9ffe5adef562474c40dc63b') in 0.020242 seconds 
========================================================================
Received Import Request.
  Time since last request: 0.581625 seconds.
  path: Assets/Imports/Misc/miscellaneous sprites/buttom.png
  artifactKey: Guid(44aee96c56650d441a6e38c362b66d42) Importer(815301076,1909f56bfc062723c751e8b465ee728b)
Start importing Assets/Imports/Misc/miscellaneous sprites/buttom.png using Guid(44aee96c56650d441a6e38c362b66d42) Importer(815301076,1909f56bfc062723c751e8b465ee728b)  -> (artifact id: '8c9dff0c01eaad0f627db67cc69ee13d') in 0.018653 seconds 
========================================================================
Received Import Request.
  Time since last request: 0.372910 seconds.
  path: Assets/Imports/Misc/miscellaneous sprites/coin_anim.gif
  artifactKey: Guid(de4582b885eb3a74090244521ded4b1f) Importer(815301076,1909f56bfc062723c751e8b465ee728b)
Start importing Assets/Imports/Misc/miscellaneous sprites/coin_anim.gif using Guid(de4582b885eb3a74090244521ded4b1f) Importer(815301076,1909f56bfc062723c751e8b465ee728b)  -> (artifact id: 'c618b566ed690277ded862d213151925') in 0.017831 seconds 
========================================================================
Received Import Request.
  Time since last request: 0.000022 seconds.
  path: Assets/Imports/Misc/miscellaneous sprites/coin_pickup_anim.gif
  artifactKey: Guid(11e5760be1e61374f9a7190ebd039f0f) Importer(815301076,1909f56bfc062723c751e8b465ee728b)
Start importing Assets/Imports/Misc/miscellaneous sprites/coin_pickup_anim.gif using Guid(11e5760be1e61374f9a7190ebd039f0f) Importer(815301076,1909f56bfc062723c751e8b465ee728b)  -> (artifact id: '506219207db59054633ba15944b05b9d') in 0.019939 seconds 
========================================================================
Received Import Request.
  Time since last request: 1.001163 seconds.
  path: Assets/Imports/Misc/miscellaneous sprites/door.png
  artifactKey: Guid(24c3ad7864e01d041a45dfe2aff4f99e) Importer(815301076,1909f56bfc062723c751e8b465ee728b)
Start importing Assets/Imports/Misc/miscellaneous sprites/door.png using Guid(24c3ad7864e01d041a45dfe2aff4f99e) Importer(815301076,1909f56bfc062723c751e8b465ee728b)  -> (artifact id: '67a5ce26c0518ab193a2d924daeaf6d1') in 0.019337 seconds 
========================================================================
Received Import Request.
  Time since last request: 0.000026 seconds.
  path: Assets/Imports/Misc/miscellaneous sprites/explosion_anim_strip_10.png
  artifactKey: Guid(7738b327646de8e46a80237a06991876) Importer(815301076,1909f56bfc062723c751e8b465ee728b)
Start importing Assets/Imports/Misc/miscellaneous sprites/explosion_anim_strip_10.png using Guid(7738b327646de8e46a80237a06991876) Importer(815301076,1909f56bfc062723c751e8b465ee728b)  -> (artifact id: '047372c017b32aa2bed92594b3b2e278') in 0.021561 seconds 
========================================================================
Received Import Request.
  Time since last request: 0.016771 seconds.
  path: Assets/Imports/Misc/miscellaneous sprites/health_potion.png
  artifactKey: Guid(1f358811bf2f36c46862b92713807d93) Importer(815301076,1909f56bfc062723c751e8b465ee728b)
Start importing Assets/Imports/Misc/miscellaneous sprites/health_potion.png using Guid(1f358811bf2f36c46862b92713807d93) Importer(815301076,1909f56bfc062723c751e8b465ee728b)  -> (artifact id: 'c3a2755b3fd0f29c94efb0c61b5c488b') in 0.018601 seconds 
========================================================================
Received Import Request.
  Time since last request: 0.395768 seconds.
  path: Assets/Imports/Misc/miscellaneous sprites/lever_turned_left.png
  artifactKey: Guid(59c5863604a30004e9da6a2369c34b1a) Importer(815301076,1909f56bfc062723c751e8b465ee728b)
Start importing Assets/Imports/Misc/miscellaneous sprites/lever_turned_left.png using Guid(59c5863604a30004e9da6a2369c34b1a) Importer(815301076,1909f56bfc062723c751e8b465ee728b)  -> (artifact id: '99529e377c54e21541cef11d1c6033cc') in 0.019086 seconds 
========================================================================
Received Import Request.
  Time since last request: 0.528976 seconds.
  path: Assets/Imports/Misc/miscellaneous sprites/loot_box_anim.gif
  artifactKey: Guid(2cef692aac9190f4787e3fbf92c725d8) Importer(815301076,1909f56bfc062723c751e8b465ee728b)
Start importing Assets/Imports/Misc/miscellaneous sprites/loot_box_anim.gif using Guid(2cef692aac9190f4787e3fbf92c725d8) Importer(815301076,1909f56bfc062723c751e8b465ee728b)  -> (artifact id: '8bc53103177b5150a1d464f50eef1ed8') in 0.018751 seconds 
========================================================================
Received Import Request.
  Time since last request: 0.000030 seconds.
  path: Assets/Imports/Misc/miscellaneous sprites/loot_box_anim_strip_12.png
  artifactKey: Guid(214862c99a2f85f4c932f2ff2c30354b) Importer(815301076,1909f56bfc062723c751e8b465ee728b)
Start importing Assets/Imports/Misc/miscellaneous sprites/loot_box_anim_strip_12.png using Guid(214862c99a2f85f4c932f2ff2c30354b) Importer(815301076,1909f56bfc062723c751e8b465ee728b)  -> (artifact id: '6828f8836d6898f3018c36011713e845') in 0.019473 seconds 
========================================================================
Received Import Request.
  Time since last request: 0.008954 seconds.
  path: Assets/Imports/Misc/miscellaneous sprites/loot_box_open.png
  artifactKey: Guid(22cec81b363637348bd56b6c1003db91) Importer(815301076,1909f56bfc062723c751e8b465ee728b)
Start importing Assets/Imports/Misc/miscellaneous sprites/loot_box_open.png using Guid(22cec81b363637348bd56b6c1003db91) Importer(815301076,1909f56bfc062723c751e8b465ee728b)  -> (artifact id: 'a22a81870fddaab7476048c4ddf1de0b') in 0.020153 seconds 
========================================================================
Received Import Request.
  Time since last request: 0.366567 seconds.
  path: Assets/Imports/Misc/miscellaneous sprites/orb_anim_strip_6.png
  artifactKey: Guid(e73b4b98ea88a744a898b714cbb2998b) Importer(815301076,1909f56bfc062723c751e8b465ee728b)
Start importing Assets/Imports/Misc/miscellaneous sprites/orb_anim_strip_6.png using Guid(e73b4b98ea88a744a898b714cbb2998b) Importer(815301076,1909f56bfc062723c751e8b465ee728b)  -> (artifact id: '5ac209299b98b8744f09c7346fc255a1') in 0.021831 seconds 
========================================================================
Received Import Request.
  Time since last request: 0.002463 seconds.
  path: Assets/Imports/Misc/miscellaneous sprites/orb_collected_anim_strip_5.png
  artifactKey: Guid(2e7321e07e5725f46b930157b706a921) Importer(815301076,1909f56bfc062723c751e8b465ee728b)
Start importing Assets/Imports/Misc/miscellaneous sprites/orb_collected_anim_strip_5.png using Guid(2e7321e07e5725f46b930157b706a921) Importer(815301076,1909f56bfc062723c751e8b465ee728b)  -> (artifact id: '6d1e16ebc928c86e9269ed6b5e256de5') in 0.019114 seconds 
========================================================================
Received Import Request.
  Time since last request: 0.312773 seconds.
  path: Assets/Imports/Misc/miscellaneous sprites/save_point_anim.gif
  artifactKey: Guid(f3791af6fa0af7f499f0c7ca93aac51a) Importer(815301076,1909f56bfc062723c751e8b465ee728b)
Start importing Assets/Imports/Misc/miscellaneous sprites/save_point_anim.gif using Guid(f3791af6fa0af7f499f0c7ca93aac51a) Importer(815301076,1909f56bfc062723c751e8b465ee728b)  -> (artifact id: 'bbd052f90853f52b6761eac5f00b2e63') in 0.019651 seconds 
========================================================================
Received Import Request.
  Time since last request: 0.000027 seconds.
  path: Assets/Imports/Misc/miscellaneous sprites/save_point_saving_anim_strip_3.png
  artifactKey: Guid(ff6910b9e42d7e24bac19c3635e5584b) Importer(815301076,1909f56bfc062723c751e8b465ee728b)
Start importing Assets/Imports/Misc/miscellaneous sprites/save_point_saving_anim_strip_3.png using Guid(ff6910b9e42d7e24bac19c3635e5584b) Importer(815301076,1909f56bfc062723c751e8b465ee728b)  -> (artifact id: '8bef5e34359637ce79714761c624acdc') in 0.019337 seconds 
========================================================================
Received Import Request.
  Time since last request: 0.016799 seconds.
  path: Assets/Imports/Misc/miscellaneous sprites/spikes.png
  artifactKey: Guid(e9cc2bb21b372864ba7c99efb105d787) Importer(815301076,1909f56bfc062723c751e8b465ee728b)
Start importing Assets/Imports/Misc/miscellaneous sprites/spikes.png using Guid(e9cc2bb21b372864ba7c99efb105d787) Importer(815301076,1909f56bfc062723c751e8b465ee728b)  -> (artifact id: '6de8f6c1ae8fea6b07112850030fd274') in 0.017901 seconds 
========================================================================
Received Import Request.
  Time since last request: 0.380350 seconds.
  path: Assets/Imports/Misc/miscellaneous sprites/spikes_trap_hit_wall_dust_effect.gif
  artifactKey: Guid(a1d1ac7b40ae4444ea7efa23b5d91d9c) Importer(815301076,1909f56bfc062723c751e8b465ee728b)
Start importing Assets/Imports/Misc/miscellaneous sprites/spikes_trap_hit_wall_dust_effect.gif using Guid(a1d1ac7b40ae4444ea7efa23b5d91d9c) Importer(815301076,1909f56bfc062723c751e8b465ee728b)  -> (artifact id: 'a57d5f0c2934a3354c2893edff348fb5') in 0.019545 seconds 
========================================================================
Received Import Request.
  Time since last request: 0.000031 seconds.
  path: Assets/Imports/Misc/miscellaneous sprites/strange_door_closed_anim.gif
  artifactKey: Guid(1ac55035c7a791047a3ab042894ffee3) Importer(815301076,1909f56bfc062723c751e8b465ee728b)
Start importing Assets/Imports/Misc/miscellaneous sprites/strange_door_closed_anim.gif using Guid(1ac55035c7a791047a3ab042894ffee3) Importer(815301076,1909f56bfc062723c751e8b465ee728b)  -> (artifact id: '084116e6955b8361d602081b9ed5c3c8') in 0.019168 seconds 
========================================================================
Received Import Request.
  Time since last request: 0.014607 seconds.
  path: Assets/Imports/Misc/miscellaneous sprites/strange_door_closed_anim_strip_10.png
  artifactKey: Guid(009a03b3fdd3ab0439cdc5f8571f31b9) Importer(815301076,1909f56bfc062723c751e8b465ee728b)
Start importing Assets/Imports/Misc/miscellaneous sprites/strange_door_closed_anim_strip_10.png using Guid(009a03b3fdd3ab0439cdc5f8571f31b9) Importer(815301076,1909f56bfc062723c751e8b465ee728b)  -> (artifact id: 'ad1d14d46208d55973399b712b9340d5') in 0.020679 seconds 
========================================================================
Received Import Request.
  Time since last request: 0.016203 seconds.
  path: Assets/Imports/Misc/miscellaneous sprites/strange_door_opening_anim_strip_14.png
  artifactKey: Guid(c7b76a83881c38840bc392e0a2d28d7b) Importer(815301076,1909f56bfc062723c751e8b465ee728b)
Start importing Assets/Imports/Misc/miscellaneous sprites/strange_door_opening_anim_strip_14.png using Guid(c7b76a83881c38840bc392e0a2d28d7b) Importer(815301076,1909f56bfc062723c751e8b465ee728b)  -> (artifact id: '6d32adb1d3aac3a6ecc2bb2e58afc354') in 0.022518 seconds 
========================================================================
Received Import Request.
  Time since last request: 0.582510 seconds.
  path: Assets/Imports/Misc/miscellaneous sprites/tiki_torch_props_strip_12.png
  artifactKey: Guid(df078a403bad20a419a9599e6e925a6f) Importer(815301076,1909f56bfc062723c751e8b465ee728b)
Start importing Assets/Imports/Misc/miscellaneous sprites/tiki_torch_props_strip_12.png using Guid(df078a403bad20a419a9599e6e925a6f) Importer(815301076,1909f56bfc062723c751e8b465ee728b)  -> (artifact id: 'fe985c45b4fc477c6cd88637ea5d08f8') in 0.021654 seconds 
========================================================================
Received Import Request.
  Time since last request: 0.009933 seconds.
  path: Assets/Imports/Misc/miscellaneous sprites/trap_spikes_anim_strip_7.png
  artifactKey: Guid(8f43d4deb7107e64895a68d7fcc7ecf1) Importer(815301076,1909f56bfc062723c751e8b465ee728b)
Start importing Assets/Imports/Misc/miscellaneous sprites/trap_spikes_anim_strip_7.png using Guid(8f43d4deb7107e64895a68d7fcc7ecf1) Importer(815301076,1909f56bfc062723c751e8b465ee728b)  -> (artifact id: '3d31582e45ac72752aed2d5d714907b8') in 0.019159 seconds 
========================================================================
Received Import Request.
  Time since last request: 0.052844 seconds.
  path: Assets/Imports/Misc/miscellaneous sprites/trap_suspended_anim_strip_18.png
  artifactKey: Guid(796ac9a2511c3614286fe96a1f447f68) Importer(815301076,1909f56bfc062723c751e8b465ee728b)
Start importing Assets/Imports/Misc/miscellaneous sprites/trap_suspended_anim_strip_18.png using Guid(796ac9a2511c3614286fe96a1f447f68) Importer(815301076,1909f56bfc062723c751e8b465ee728b)  -> (artifact id: 'a2a2cc27fea423adf87eb7e96638912b') in 0.028445 seconds 
========================================================================
Received Import Request.
  Time since last request: 0.699452 seconds.
  path: Assets/Imports/Misc/miscellaneous sprites/vase_breaking_anim.gif
  artifactKey: Guid(06bc7c4460e63424ca4647e03276ef57) Importer(815301076,1909f56bfc062723c751e8b465ee728b)
Start importing Assets/Imports/Misc/miscellaneous sprites/vase_breaking_anim.gif using Guid(06bc7c4460e63424ca4647e03276ef57) Importer(815301076,1909f56bfc062723c751e8b465ee728b)  -> (artifact id: 'fcaae5d98681299d47169ed9d7589a85') in 0.020896 seconds 
========================================================================
Received Import Request.
  Time since last request: 0.018671 seconds.
  path: Assets/Imports/Misc/miscellaneous sprites/wood_slab_left.png
  artifactKey: Guid(b12feb488acab3e4397f90deae90545a) Importer(815301076,1909f56bfc062723c751e8b465ee728b)
Start importing Assets/Imports/Misc/miscellaneous sprites/wood_slab_left.png using Guid(b12feb488acab3e4397f90deae90545a) Importer(815301076,1909f56bfc062723c751e8b465ee728b)  -> (artifact id: 'a6a3da34f79c3e9c1cb631eb779dc0eb') in 0.023409 seconds 
========================================================================
Received Import Request.
  Time since last request: 0.001466 seconds.
  path: Assets/Imports/Misc/miscellaneous sprites/wood_slab_right.png
  artifactKey: Guid(2ba5492acf5cc0544b484bbaa8fcc533) Importer(815301076,1909f56bfc062723c751e8b465ee728b)
Start importing Assets/Imports/Misc/miscellaneous sprites/wood_slab_right.png using Guid(2ba5492acf5cc0544b484bbaa8fcc533) Importer(815301076,1909f56bfc062723c751e8b465ee728b)  -> (artifact id: '3a9abdcb1c01b9c16c049bd1e098ae74') in 0.019964 seconds 
========================================================================
Received Import Request.
  Time since last request: 49.036135 seconds.
  path: Assets/Imports/Misc/hud elements/coins_hud.png
  artifactKey: Guid(262ba15304160064391231efa0e32a61) Importer(815301076,1909f56bfc062723c751e8b465ee728b)
Start importing Assets/Imports/Misc/hud elements/coins_hud.png using Guid(262ba15304160064391231efa0e32a61) Importer(815301076,1909f56bfc062723c751e8b465ee728b)  -> (artifact id: '32132c58fa6123003532a43e5229ec84') in 0.031276 seconds 
========================================================================
Received Import Request.
  Time since last request: 0.000026 seconds.
  path: Assets/Imports/Misc/hud elements/health_menu_hud.png
  artifactKey: Guid(66748caef03a2bb40b0d58cdf58e9887) Importer(815301076,1909f56bfc062723c751e8b465ee728b)
Start importing Assets/Imports/Misc/hud elements/health_menu_hud.png using Guid(66748caef03a2bb40b0d58cdf58e9887) Importer(815301076,1909f56bfc062723c751e8b465ee728b)  -> (artifact id: '26341e341da19b947dd36d9d79473ce7') in 0.029855 seconds 
========================================================================
Received Import Request.
  Time since last request: 0.000037 seconds.
  path: Assets/Imports/Misc/hud elements/health_hud_right.png
  artifactKey: Guid(462bf6e9b7297984bab14228ebe17dae) Importer(815301076,1909f56bfc062723c751e8b465ee728b)
Start importing Assets/Imports/Misc/hud elements/health_hud_right.png using Guid(462bf6e9b7297984bab14228ebe17dae) Importer(815301076,1909f56bfc062723c751e8b465ee728b)  -> (artifact id: '43fd89e7ca1986c01e01fa9d680aef51') in 0.029157 seconds 
========================================================================
Received Import Request.
  Time since last request: 37.681470 seconds.
  path: Assets/Scenes/Map1a.unity
  artifactKey: Guid(6f2e152288b82ba429b4b49a253af8c8) Importer(815301076,1909f56bfc062723c751e8b465ee728b)
Start importing Assets/Scenes/Map1a.unity using Guid(6f2e152288b82ba429b4b49a253af8c8) Importer(815301076,1909f56bfc062723c751e8b465ee728b)  -> (artifact id: '377fea087b223f7b12e79ee7d6044b6b') in 0.006546 seconds 
========================================================================
Received Import Request.
  Time since last request: 124.792647 seconds.
  path: Assets/Imports/Prefab/PF Village Props - Chest Golden.prefab
  artifactKey: Guid(cea950ff3b9b0804f967eaec919f19f7) Importer(815301076,1909f56bfc062723c751e8b465ee728b)
Start importing Assets/Imports/Prefab/PF Village Props - Chest Golden.prefab using Guid(cea950ff3b9b0804f967eaec919f19f7) Importer(815301076,1909f56bfc062723c751e8b465ee728b)  -> (artifact id: 'df8ed8f5d869b8206e80c92061f01745') in 0.151245 seconds 
========================================================================
Received Prepare
Registering precompiled user dll's ...
Registered in 0.006408 seconds.
Begin MonoManager ReloadAssembly
Native extension for WindowsStandalone target not found
Native extension for WebGL target not found
Refreshing native plugins compatible for Editor in 1.34 ms, found 4 plugins.
Preloading 0 native plugins for Editor in 0.00 ms.
Mono: successfully reloaded assembly
- Completed reload, in  1.208 seconds
Domain Reload Profiling:
	ReloadAssembly (1209ms)
		BeginReloadAssembly (140ms)
			ExecutionOrderSort (0ms)
			DisableScriptedObjects (8ms)
			BackupInstance (0ms)
			ReleaseScriptingObjects (0ms)
			CreateAndSetChildDomain (45ms)
		EndReloadAssembly (975ms)
			LoadAssemblies (83ms)
			RebuildTransferFunctionScriptingTraits (0ms)
			SetupTypeCache (262ms)
			ReleaseScriptCaches (2ms)
			RebuildScriptCaches (58ms)
			SetupLoadedEditorAssemblies (480ms)
				LogAssemblyErrors (0ms)
				InitializePlatformSupportModulesInManaged (15ms)
				SetLoadedEditorAssemblies (0ms)
				RefreshPlugins (1ms)
				BeforeProcessingInitializeOnLoad (106ms)
				ProcessInitializeOnLoadAttributes (255ms)
				ProcessInitializeOnLoadMethodAttributes (93ms)
				AfterProcessingInitializeOnLoad (9ms)
				EditorAssembliesLoaded (0ms)
			ExecutionOrderSort2 (0ms)
			AwakeInstancesAfterBackupRestoration (14ms)
Platform modules already initialized, skipping
Refreshing native plugins compatible for Editor in 3.94 ms, found 4 plugins.
Preloading 0 native plugins for Editor in 0.00 ms.
Unloading 5701 Unused Serialized files (Serialized files now loaded: 0)
Unloading 41 unused Assets / (1.9 MB). Loaded Objects now: 6441.
Memory consumption went from 234.2 MB to 232.3 MB.
Total: 5.296400 ms (FindLiveObjects: 0.647000 ms CreateObjectMapping: 0.367900 ms MarkObjects: 3.578400 ms  DeleteObjects: 0.701200 ms)

AssetImportParameters requested are different than current active one (requested -> active):
  custom:video-decoder-ogg-theora: a1e56fd34408186e4bbccfd4996cb3dc -> 
  custom:container-muxer-webm: aa71ff27fc2769a1b78a27578f13a17b -> 
  custom:container-demuxer-webm: 4f35f7cbe854078d1ac9338744f61a02 -> 
  custom:video-encoder-webm-vp8: eb34c28f22e8b96e1ab97ce403110664 -> 
  custom:video-codec-MediaFoundation-h265: 746d11721c4dcdbdad8f713fa42b33f4 -> 
  custom:audio-encoder-webm-vorbis: bf7c407c2cedff20999df2af8eb42d56 -> 
  custom:framework-win-MediaFoundation: 216162199b28c13a410421893ffa2e32 -> 
  custom:container-demuxer-ogg: 62fdf1f143b41e24485cea50d1cbac27 -> 
  custom:video-decoder-webm-vp8: 9c59270c3fd7afecdb556c50c9e8de78 -> 
  custom:audio-decoder-ogg-vorbis: bf7c407c2cedff20999df2af8eb42d56 -> 
========================================================================
Received Prepare
Registering precompiled user dll's ...
Registered in 0.006704 seconds.
Begin MonoManager ReloadAssembly
Native extension for WindowsStandalone target not found
Native extension for WebGL target not found
Refreshing native plugins compatible for Editor in 1.94 ms, found 4 plugins.
Preloading 0 native plugins for Editor in 0.00 ms.
Mono: successfully reloaded assembly
- Completed reload, in  1.167 seconds
Domain Reload Profiling:
	ReloadAssembly (1168ms)
		BeginReloadAssembly (125ms)
			ExecutionOrderSort (0ms)
			DisableScriptedObjects (6ms)
			BackupInstance (0ms)
			ReleaseScriptingObjects (0ms)
			CreateAndSetChildDomain (37ms)
		EndReloadAssembly (947ms)
			LoadAssemblies (88ms)
			RebuildTransferFunctionScriptingTraits (0ms)
			SetupTypeCache (268ms)
			ReleaseScriptCaches (2ms)
			RebuildScriptCaches (53ms)
			SetupLoadedEditorAssemblies (454ms)
				LogAssemblyErrors (0ms)
				InitializePlatformSupportModulesInManaged (16ms)
				SetLoadedEditorAssemblies (1ms)
				RefreshPlugins (2ms)
				BeforeProcessingInitializeOnLoad (106ms)
				ProcessInitializeOnLoadAttributes (242ms)
				ProcessInitializeOnLoadMethodAttributes (80ms)
				AfterProcessingInitializeOnLoad (8ms)
				EditorAssembliesLoaded (0ms)
			ExecutionOrderSort2 (0ms)
			AwakeInstancesAfterBackupRestoration (12ms)
Platform modules already initialized, skipping
Refreshing native plugins compatible for Editor in 3.73 ms, found 4 plugins.
Preloading 0 native plugins for Editor in 0.00 ms.
Unloading 5702 Unused Serialized files (Serialized files now loaded: 0)
Unloading 41 unused Assets / (1.9 MB). Loaded Objects now: 6444.
Memory consumption went from 234.2 MB to 232.3 MB.
Total: 5.173200 ms (FindLiveObjects: 0.570100 ms CreateObjectMapping: 0.470200 ms MarkObjects: 3.329100 ms  DeleteObjects: 0.802300 ms)

AssetImportParameters requested are different than current active one (requested -> active):
  custom:video-decoder-ogg-theora: a1e56fd34408186e4bbccfd4996cb3dc -> 
  custom:container-muxer-webm: aa71ff27fc2769a1b78a27578f13a17b -> 
  custom:container-demuxer-webm: 4f35f7cbe854078d1ac9338744f61a02 -> 
  custom:video-encoder-webm-vp8: eb34c28f22e8b96e1ab97ce403110664 -> 
  custom:video-codec-MediaFoundation-h265: 746d11721c4dcdbdad8f713fa42b33f4 -> 
  custom:audio-encoder-webm-vorbis: bf7c407c2cedff20999df2af8eb42d56 -> 
  custom:framework-win-MediaFoundation: 216162199b28c13a410421893ffa2e32 -> 
  custom:container-demuxer-ogg: 62fdf1f143b41e24485cea50d1cbac27 -> 
  custom:video-decoder-webm-vp8: 9c59270c3fd7afecdb556c50c9e8de78 -> 
  custom:audio-decoder-ogg-vorbis: bf7c407c2cedff20999df2af8eb42d56 -> 
========================================================================
Received Prepare
Registering precompiled user dll's ...
Registered in 0.006905 seconds.
Begin MonoManager ReloadAssembly
Native extension for WindowsStandalone target not found
Native extension for WebGL target not found
Refreshing native plugins compatible for Editor in 1.41 ms, found 4 plugins.
Preloading 0 native plugins for Editor in 0.00 ms.
Mono: successfully reloaded assembly
- Completed reload, in  1.139 seconds
Domain Reload Profiling:
	ReloadAssembly (1140ms)
		BeginReloadAssembly (121ms)
			ExecutionOrderSort (0ms)
			DisableScriptedObjects (7ms)
			BackupInstance (0ms)
			ReleaseScriptingObjects (0ms)
			CreateAndSetChildDomain (35ms)
		EndReloadAssembly (931ms)
			LoadAssemblies (77ms)
			RebuildTransferFunctionScriptingTraits (0ms)
			SetupTypeCache (245ms)
			ReleaseScriptCaches (2ms)
			RebuildScriptCaches (51ms)
			SetupLoadedEditorAssemblies (469ms)
				LogAssemblyErrors (0ms)
				InitializePlatformSupportModulesInManaged (14ms)
				SetLoadedEditorAssemblies (0ms)
				RefreshPlugins (1ms)
				BeforeProcessingInitializeOnLoad (101ms)
				ProcessInitializeOnLoadAttributes (252ms)
				ProcessInitializeOnLoadMethodAttributes (92ms)
				AfterProcessingInitializeOnLoad (9ms)
				EditorAssembliesLoaded (0ms)
			ExecutionOrderSort2 (0ms)
			AwakeInstancesAfterBackupRestoration (13ms)
Platform modules already initialized, skipping
Refreshing native plugins compatible for Editor in 3.47 ms, found 4 plugins.
Preloading 0 native plugins for Editor in 0.00 ms.
Unloading 5702 Unused Serialized files (Serialized files now loaded: 0)
Unloading 41 unused Assets / (1.9 MB). Loaded Objects now: 6447.
Memory consumption went from 234.2 MB to 232.3 MB.
Total: 4.667200 ms (FindLiveObjects: 0.515400 ms CreateObjectMapping: 0.319900 ms MarkObjects: 3.261400 ms  DeleteObjects: 0.568400 ms)

AssetImportParameters requested are different than current active one (requested -> active):
  custom:video-decoder-ogg-theora: a1e56fd34408186e4bbccfd4996cb3dc -> 
  custom:container-muxer-webm: aa71ff27fc2769a1b78a27578f13a17b -> 
  custom:container-demuxer-webm: 4f35f7cbe854078d1ac9338744f61a02 -> 
  custom:video-encoder-webm-vp8: eb34c28f22e8b96e1ab97ce403110664 -> 
  custom:video-codec-MediaFoundation-h265: 746d11721c4dcdbdad8f713fa42b33f4 -> 
  custom:audio-encoder-webm-vorbis: bf7c407c2cedff20999df2af8eb42d56 -> 
  custom:framework-win-MediaFoundation: 216162199b28c13a410421893ffa2e32 -> 
  custom:container-demuxer-ogg: 62fdf1f143b41e24485cea50d1cbac27 -> 
  custom:video-decoder-webm-vp8: 9c59270c3fd7afecdb556c50c9e8de78 -> 
  custom:audio-decoder-ogg-vorbis: bf7c407c2cedff20999df2af8eb42d56 -> 
========================================================================
Received Prepare
Registering precompiled user dll's ...
Registered in 0.006812 seconds.
Begin MonoManager ReloadAssembly
Native extension for WindowsStandalone target not found
Native extension for WebGL target not found
Refreshing native plugins compatible for Editor in 1.47 ms, found 4 plugins.
Preloading 0 native plugins for Editor in 0.00 ms.
Mono: successfully reloaded assembly
- Completed reload, in  1.152 seconds
Domain Reload Profiling:
	ReloadAssembly (1152ms)
		BeginReloadAssembly (123ms)
			ExecutionOrderSort (0ms)
			DisableScriptedObjects (7ms)
			BackupInstance (0ms)
			ReleaseScriptingObjects (0ms)
			CreateAndSetChildDomain (35ms)
		EndReloadAssembly (941ms)
			LoadAssemblies (80ms)
			RebuildTransferFunctionScriptingTraits (0ms)
			SetupTypeCache (251ms)
			ReleaseScriptCaches (2ms)
			RebuildScriptCaches (52ms)
			SetupLoadedEditorAssemblies (468ms)
				LogAssemblyErrors (0ms)
				InitializePlatformSupportModulesInManaged (14ms)
				SetLoadedEditorAssemblies (0ms)
				RefreshPlugins (2ms)
				BeforeProcessingInitializeOnLoad (103ms)
				ProcessInitializeOnLoadAttributes (250ms)
				ProcessInitializeOnLoadMethodAttributes (89ms)
				AfterProcessingInitializeOnLoad (9ms)
				EditorAssembliesLoaded (0ms)
			ExecutionOrderSort2 (0ms)
			AwakeInstancesAfterBackupRestoration (13ms)
Platform modules already initialized, skipping
Refreshing native plugins compatible for Editor in 3.36 ms, found 4 plugins.
Preloading 0 native plugins for Editor in 0.00 ms.
Unloading 5702 Unused Serialized files (Serialized files now loaded: 0)
Unloading 41 unused Assets / (1.9 MB). Loaded Objects now: 6450.
Memory consumption went from 234.2 MB to 232.3 MB.
Total: 5.021600 ms (FindLiveObjects: 0.518500 ms CreateObjectMapping: 0.166800 ms MarkObjects: 3.657200 ms  DeleteObjects: 0.677400 ms)

AssetImportParameters requested are different than current active one (requested -> active):
  custom:video-decoder-ogg-theora: a1e56fd34408186e4bbccfd4996cb3dc -> 
  custom:container-muxer-webm: aa71ff27fc2769a1b78a27578f13a17b -> 
  custom:container-demuxer-webm: 4f35f7cbe854078d1ac9338744f61a02 -> 
  custom:video-encoder-webm-vp8: eb34c28f22e8b96e1ab97ce403110664 -> 
  custom:video-codec-MediaFoundation-h265: 746d11721c4dcdbdad8f713fa42b33f4 -> 
  custom:audio-encoder-webm-vorbis: bf7c407c2cedff20999df2af8eb42d56 -> 
  custom:framework-win-MediaFoundation: 216162199b28c13a410421893ffa2e32 -> 
  custom:container-demuxer-ogg: 62fdf1f143b41e24485cea50d1cbac27 -> 
  custom:video-decoder-webm-vp8: 9c59270c3fd7afecdb556c50c9e8de78 -> 
  custom:audio-decoder-ogg-vorbis: bf7c407c2cedff20999df2af8eb42d56 -> 
========================================================================
Received Prepare
Registering precompiled user dll's ...
Registered in 0.006591 seconds.
Begin MonoManager ReloadAssembly
Native extension for WindowsStandalone target not found
Native extension for WebGL target not found
Refreshing native plugins compatible for Editor in 2.09 ms, found 4 plugins.
Preloading 0 native plugins for Editor in 0.00 ms.
Mono: successfully reloaded assembly
- Completed reload, in  1.168 seconds
Domain Reload Profiling:
	ReloadAssembly (1169ms)
		BeginReloadAssembly (122ms)
			ExecutionOrderSort (0ms)
			DisableScriptedObjects (7ms)
			BackupInstance (0ms)
			ReleaseScriptingObjects (0ms)
			CreateAndSetChildDomain (36ms)
		EndReloadAssembly (957ms)
			LoadAssemblies (82ms)
			RebuildTransferFunctionScriptingTraits (0ms)
			SetupTypeCache (258ms)
			ReleaseScriptCaches (2ms)
			RebuildScriptCaches (56ms)
			SetupLoadedEditorAssemblies (469ms)
				LogAssemblyErrors (0ms)
				InitializePlatformSupportModulesInManaged (14ms)
				SetLoadedEditorAssemblies (1ms)
				RefreshPlugins (2ms)
				BeforeProcessingInitializeOnLoad (103ms)
				ProcessInitializeOnLoadAttributes (245ms)
				ProcessInitializeOnLoadMethodAttributes (95ms)
				AfterProcessingInitializeOnLoad (9ms)
				EditorAssembliesLoaded (0ms)
			ExecutionOrderSort2 (0ms)
			AwakeInstancesAfterBackupRestoration (13ms)
Platform modules already initialized, skipping
Refreshing native plugins compatible for Editor in 3.28 ms, found 4 plugins.
Preloading 0 native plugins for Editor in 0.00 ms.
Unloading 5702 Unused Serialized files (Serialized files now loaded: 0)
Unloading 41 unused Assets / (1.9 MB). Loaded Objects now: 6453.
Memory consumption went from 234.3 MB to 232.4 MB.
Total: 5.105800 ms (FindLiveObjects: 0.557700 ms CreateObjectMapping: 0.371400 ms MarkObjects: 3.427600 ms  DeleteObjects: 0.747400 ms)

AssetImportParameters requested are different than current active one (requested -> active):
  custom:video-decoder-ogg-theora: a1e56fd34408186e4bbccfd4996cb3dc -> 
  custom:container-muxer-webm: aa71ff27fc2769a1b78a27578f13a17b -> 
  custom:container-demuxer-webm: 4f35f7cbe854078d1ac9338744f61a02 -> 
  custom:video-encoder-webm-vp8: eb34c28f22e8b96e1ab97ce403110664 -> 
  custom:video-codec-MediaFoundation-h265: 746d11721c4dcdbdad8f713fa42b33f4 -> 
  custom:audio-encoder-webm-vorbis: bf7c407c2cedff20999df2af8eb42d56 -> 
  custom:framework-win-MediaFoundation: 216162199b28c13a410421893ffa2e32 -> 
  custom:container-demuxer-ogg: 62fdf1f143b41e24485cea50d1cbac27 -> 
  custom:video-decoder-webm-vp8: 9c59270c3fd7afecdb556c50c9e8de78 -> 
  custom:audio-decoder-ogg-vorbis: bf7c407c2cedff20999df2af8eb42d56 -> 
