Using pre-set license
Built from '2021.3/staging' branch; Version is '2021.3.2f1 (d6360bedb9a0) revision 14038539'; Using compiler version '192829333'; Build Type 'Release'
OS: 'Windows 10  (10.0.19044) 64bit Core' Language: 'en' Physical Memory: 15789 MB
BatchMode: 1, IsHumanControllingUs: 0, StartBugReporterOnCrash: 0, Is64bit: 1, IsPro: 1

COMMAND LINE ARGUMENTS:
C:\Program Files\Unity\Hub\Editor\2021.3.2f1\Editor\Unity.exe
-adb2
-batchMode
-noUpm
-name
AssetImportWorker3
-projectPath
C:/Users/malor/OneDrive/Documents/GitHub/y3abOl/Farside
-logFile
Logs/AssetImportWorker3.log
-srvPort
58957
Successfully changed project path to: C:/Users/malor/OneDrive/Documents/GitHub/y3abOl/Farside
C:/Users/malor/OneDrive/Documents/GitHub/y3abOl/Farside
[UnityMemory] Configuration Parameters - Can be set up in boot.config
    "memorysetup-bucket-allocator-granularity=16"
    "memorysetup-bucket-allocator-bucket-count=8"
    "memorysetup-bucket-allocator-block-size=33554432"
    "memorysetup-bucket-allocator-block-count=8"
    "memorysetup-main-allocator-block-size=16777216"
    "memorysetup-thread-allocator-block-size=16777216"
    "memorysetup-gfx-main-allocator-block-size=16777216"
    "memorysetup-gfx-thread-allocator-block-size=16777216"
    "memorysetup-cache-allocator-block-size=4194304"
    "memorysetup-typetree-allocator-block-size=2097152"
    "memorysetup-profiler-bucket-allocator-granularity=16"
    "memorysetup-profiler-bucket-allocator-bucket-count=8"
    "memorysetup-profiler-bucket-allocator-block-size=33554432"
    "memorysetup-profiler-bucket-allocator-block-count=8"
    "memorysetup-profiler-allocator-block-size=16777216"
    "memorysetup-profiler-editor-allocator-block-size=1048576"
    "memorysetup-temp-allocator-size-main=16777216"
    "memorysetup-job-temp-allocator-block-size=2097152"
    "memorysetup-job-temp-allocator-block-size-background=1048576"
    "memorysetup-job-temp-allocator-reduction-small-platforms=262144"
    "memorysetup-temp-allocator-size-background-worker=32768"
    "memorysetup-temp-allocator-size-job-worker=262144"
    "memorysetup-temp-allocator-size-preload-manager=33554432"
    "memorysetup-temp-allocator-size-nav-mesh-worker=65536"
    "memorysetup-temp-allocator-size-audio-worker=65536"
    "memorysetup-temp-allocator-size-cloud-worker=32768"
    "memorysetup-temp-allocator-size-gi-baking-worker=262144"
    "memorysetup-temp-allocator-size-gfx=262144"
Refreshing native plugins compatible for Editor in 122.62 ms, found 4 plugins.
Preloading 0 native plugins for Editor in 0.00 ms.
Initialize engine version: 2021.3.2f1 (d6360bedb9a0)
[Subsystems] Discovering subsystems at path C:/Program Files/Unity/Hub/Editor/2021.3.2f1/Editor/Data/Resources/UnitySubsystems
[Subsystems] Discovering subsystems at path C:/Users/malor/OneDrive/Documents/GitHub/y3abOl/Farside/Assets
GfxDevice: creating device client; threaded=0; jobified=0
Direct3D:
    Version:  Direct3D 11.0 [level 11.1]
    Renderer: NVIDIA GeForce RTX 2060 with Max-Q Design (ID=0x1f12)
    Vendor:   NVIDIA
    VRAM:     5980 MB
    Driver:   30.0.15.1278
Initialize mono
Mono path[0] = 'C:/Program Files/Unity/Hub/Editor/2021.3.2f1/Editor/Data/Managed'
Mono path[1] = 'C:/Program Files/Unity/Hub/Editor/2021.3.2f1/Editor/Data/MonoBleedingEdge/lib/mono/unityjit-win32'
Mono config path = 'C:/Program Files/Unity/Hub/Editor/2021.3.2f1/Editor/Data/MonoBleedingEdge/etc'
Using monoOptions --debugger-agent=transport=dt_socket,embedding=1,server=y,suspend=n,address=127.0.0.1:56796
Begin MonoManager ReloadAssembly
Registering precompiled unity dll's ...
Register platform support module: C:/Program Files/Unity/Hub/Editor/2021.3.2f1/Editor/Data/PlaybackEngines/WebGLSupport/UnityEditor.WebGL.Extensions.dll
Register platform support module: C:/Program Files/Unity/Hub/Editor/2021.3.2f1/Editor/Data/PlaybackEngines/WindowsStandaloneSupport/UnityEditor.WindowsStandalone.Extensions.dll
Registered in 0.008421 seconds.
Native extension for WindowsStandalone target not found
Native extension for WebGL target not found
Refreshing native plugins compatible for Editor in 96.65 ms, found 4 plugins.
Preloading 0 native plugins for Editor in 0.00 ms.
Mono: successfully reloaded assembly
- Completed reload, in  0.583 seconds
Domain Reload Profiling:
	ReloadAssembly (583ms)
		BeginReloadAssembly (66ms)
			ExecutionOrderSort (0ms)
			DisableScriptedObjects (0ms)
			BackupInstance (0ms)
			ReleaseScriptingObjects (0ms)
			CreateAndSetChildDomain (1ms)
		EndReloadAssembly (413ms)
			LoadAssemblies (64ms)
			RebuildTransferFunctionScriptingTraits (0ms)
			SetupTypeCache (91ms)
			ReleaseScriptCaches (0ms)
			RebuildScriptCaches (25ms)
			SetupLoadedEditorAssemblies (251ms)
				LogAssemblyErrors (0ms)
				InitializePlatformSupportModulesInManaged (9ms)
				SetLoadedEditorAssemblies (0ms)
				RefreshPlugins (97ms)
				BeforeProcessingInitializeOnLoad (1ms)
				ProcessInitializeOnLoadAttributes (104ms)
				ProcessInitializeOnLoadMethodAttributes (40ms)
				AfterProcessingInitializeOnLoad (0ms)
				EditorAssembliesLoaded (0ms)
			ExecutionOrderSort2 (0ms)
			AwakeInstancesAfterBackupRestoration (0ms)
Platform modules already initialized, skipping
Registering precompiled user dll's ...
Registered in 0.007594 seconds.
Begin MonoManager ReloadAssembly
Symbol file LoadedFromMemory doesn't match image C:\Users\malor\OneDrive\Documents\GitHub\y3abOl\Farside\Library\PackageCache\com.unity.visualscripting@1.7.6\Editor\VisualScripting.Core\Dependencies\YamlDotNet\Unity.VisualScripting.YamlDotNet.dll
Symbol file LoadedFromMemory doesn't match image C:\Users\malor\OneDrive\Documents\GitHub\y3abOl\Farside\Library\PackageCache\com.unity.visualscripting@1.7.6\Editor\VisualScripting.Core\Dependencies\DotNetZip\Unity.VisualScripting.IonicZip.dll
Native extension for WindowsStandalone target not found
Native extension for WebGL target not found
Refreshing native plugins compatible for Editor in 101.82 ms, found 4 plugins.
Preloading 0 native plugins for Editor in 0.00 ms.
Mono: successfully reloaded assembly
- Completed reload, in  1.156 seconds
Domain Reload Profiling:
	ReloadAssembly (1157ms)
		BeginReloadAssembly (101ms)
			ExecutionOrderSort (0ms)
			DisableScriptedObjects (5ms)
			BackupInstance (0ms)
			ReleaseScriptingObjects (0ms)
			CreateAndSetChildDomain (17ms)
		EndReloadAssembly (930ms)
			LoadAssemblies (86ms)
			RebuildTransferFunctionScriptingTraits (0ms)
			SetupTypeCache (252ms)
			ReleaseScriptCaches (1ms)
			RebuildScriptCaches (53ms)
			SetupLoadedEditorAssemblies (495ms)
				LogAssemblyErrors (0ms)
				InitializePlatformSupportModulesInManaged (7ms)
				SetLoadedEditorAssemblies (1ms)
				RefreshPlugins (102ms)
				BeforeProcessingInitializeOnLoad (107ms)
				ProcessInitializeOnLoadAttributes (231ms)
				ProcessInitializeOnLoadMethodAttributes (39ms)
				AfterProcessingInitializeOnLoad (8ms)
				EditorAssembliesLoaded (0ms)
			ExecutionOrderSort2 (0ms)
			AwakeInstancesAfterBackupRestoration (5ms)
Platform modules already initialized, skipping
========================================================================
Worker process is ready to serve import requests
Launched and connected shader compiler UnityShaderCompiler.exe after 0.04 seconds
Refreshing native plugins compatible for Editor in 0.80 ms, found 4 plugins.
Preloading 0 native plugins for Editor in 0.00 ms.
Unloading 4259 Unused Serialized files (Serialized files now loaded: 0)
Unloading 37 unused Assets / (56.0 KB). Loaded Objects now: 4718.
Memory consumption went from 158.9 MB to 158.9 MB.
Total: 3.510800 ms (FindLiveObjects: 0.333100 ms CreateObjectMapping: 0.108600 ms MarkObjects: 2.982500 ms  DeleteObjects: 0.085500 ms)

AssetImportParameters requested are different than current active one (requested -> active):
  custom:video-decoder-ogg-theora: a1e56fd34408186e4bbccfd4996cb3dc -> 
  custom:container-muxer-webm: aa71ff27fc2769a1b78a27578f13a17b -> 
  custom:container-demuxer-webm: 4f35f7cbe854078d1ac9338744f61a02 -> 
  custom:video-encoder-webm-vp8: eb34c28f22e8b96e1ab97ce403110664 -> 
  custom:video-codec-MediaFoundation-h265: 746d11721c4dcdbdad8f713fa42b33f4 -> 
  custom:audio-encoder-webm-vorbis: bf7c407c2cedff20999df2af8eb42d56 -> 
  custom:framework-win-MediaFoundation: 216162199b28c13a410421893ffa2e32 -> 
  custom:container-demuxer-ogg: 62fdf1f143b41e24485cea50d1cbac27 -> 
  custom:video-decoder-webm-vp8: 9c59270c3fd7afecdb556c50c9e8de78 -> 
  custom:audio-decoder-ogg-vorbis: bf7c407c2cedff20999df2af8eb42d56 -> 
========================================================================
Received Import Request.
  Time since last request: 85344.271504 seconds.
  path: Assets/TextMesh Pro/Resources/Fonts & Materials/butler/Butler/Butler_ExtraBold.otf
  artifactKey: Guid(9a60ab63254e31644bc502a436760980) Importer(815301076,1909f56bfc062723c751e8b465ee728b)
Start importing Assets/TextMesh Pro/Resources/Fonts & Materials/butler/Butler/Butler_ExtraBold.otf using Guid(9a60ab63254e31644bc502a436760980) Importer(815301076,1909f56bfc062723c751e8b465ee728b)  -> (artifact id: 'c79ee42fec8300e670e390f71e98f6da') in 0.149173 seconds 
========================================================================
Received Prepare
Registering precompiled user dll's ...
Registered in 0.008822 seconds.
Begin MonoManager ReloadAssembly
Symbol file LoadedFromMemory doesn't match image C:\Users\malor\OneDrive\Documents\GitHub\y3abOl\Farside\Library\PackageCache\com.unity.visualscripting@1.7.6\Editor\VisualScripting.Core\Dependencies\YamlDotNet\Unity.VisualScripting.YamlDotNet.dll
Symbol file LoadedFromMemory doesn't match image C:\Users\malor\OneDrive\Documents\GitHub\y3abOl\Farside\Library\PackageCache\com.unity.visualscripting@1.7.6\Editor\VisualScripting.Core\Dependencies\DotNetZip\Unity.VisualScripting.IonicZip.dll
Native extension for WindowsStandalone target not found
Native extension for WebGL target not found
Refreshing native plugins compatible for Editor in 0.90 ms, found 4 plugins.
Preloading 0 native plugins for Editor in 0.00 ms.
Mono: successfully reloaded assembly
- Completed reload, in  1.219 seconds
Domain Reload Profiling:
	ReloadAssembly (1220ms)
		BeginReloadAssembly (134ms)
			ExecutionOrderSort (0ms)
			DisableScriptedObjects (5ms)
			BackupInstance (0ms)
			ReleaseScriptingObjects (0ms)
			CreateAndSetChildDomain (38ms)
		EndReloadAssembly (980ms)
			LoadAssemblies (93ms)
			RebuildTransferFunctionScriptingTraits (0ms)
			SetupTypeCache (292ms)
			ReleaseScriptCaches (2ms)
			RebuildScriptCaches (63ms)
			SetupLoadedEditorAssemblies (457ms)
				LogAssemblyErrors (0ms)
				InitializePlatformSupportModulesInManaged (20ms)
				SetLoadedEditorAssemblies (0ms)
				RefreshPlugins (1ms)
				BeforeProcessingInitializeOnLoad (105ms)
				ProcessInitializeOnLoadAttributes (264ms)
				ProcessInitializeOnLoadMethodAttributes (54ms)
				AfterProcessingInitializeOnLoad (13ms)
				EditorAssembliesLoaded (0ms)
			ExecutionOrderSort2 (0ms)
			AwakeInstancesAfterBackupRestoration (12ms)
Platform modules already initialized, skipping
Refreshing native plugins compatible for Editor in 4.05 ms, found 4 plugins.
Preloading 0 native plugins for Editor in 0.00 ms.
Unloading 4235 Unused Serialized files (Serialized files now loaded: 0)
Unloading 24 unused Assets / (24.6 KB). Loaded Objects now: 4764.
Memory consumption went from 161.7 MB to 161.7 MB.
Total: 4.069300 ms (FindLiveObjects: 0.535600 ms CreateObjectMapping: 0.416700 ms MarkObjects: 3.091600 ms  DeleteObjects: 0.024200 ms)

AssetImportParameters requested are different than current active one (requested -> active):
  custom:video-decoder-ogg-theora: a1e56fd34408186e4bbccfd4996cb3dc -> 
  custom:container-muxer-webm: aa71ff27fc2769a1b78a27578f13a17b -> 
  custom:container-demuxer-webm: 4f35f7cbe854078d1ac9338744f61a02 -> 
  custom:video-encoder-webm-vp8: eb34c28f22e8b96e1ab97ce403110664 -> 
  custom:video-codec-MediaFoundation-h265: 746d11721c4dcdbdad8f713fa42b33f4 -> 
  custom:audio-encoder-webm-vorbis: bf7c407c2cedff20999df2af8eb42d56 -> 
  custom:framework-win-MediaFoundation: 216162199b28c13a410421893ffa2e32 -> 
  custom:container-demuxer-ogg: 62fdf1f143b41e24485cea50d1cbac27 -> 
  custom:video-decoder-webm-vp8: 9c59270c3fd7afecdb556c50c9e8de78 -> 
  custom:audio-decoder-ogg-vorbis: bf7c407c2cedff20999df2af8eb42d56 -> 
========================================================================
Received Import Request.
  Time since last request: 138.915662 seconds.
  path: Assets/TextMesh Pro/Resources/Fonts & Materials/caviar_dreams/CaviarDreams_Bold.ttf
  artifactKey: Guid(dac63f8875057af4db97ab18d8f6642e) Importer(815301076,1909f56bfc062723c751e8b465ee728b)
Start importing Assets/TextMesh Pro/Resources/Fonts & Materials/caviar_dreams/CaviarDreams_Bold.ttf using Guid(dac63f8875057af4db97ab18d8f6642e) Importer(815301076,1909f56bfc062723c751e8b465ee728b)  -> (artifact id: '4c69f7853747e7b55171dccf29a36b1c') in 0.079585 seconds 
========================================================================
Received Import Request.
  Time since last request: 0.000026 seconds.
  path: Assets/TextMesh Pro/Resources/Fonts & Materials/caviar_dreams/CaviarDreams_Italic.ttf
  artifactKey: Guid(9cf04d2852ef70b45b8bab8986357dce) Importer(815301076,1909f56bfc062723c751e8b465ee728b)
Start importing Assets/TextMesh Pro/Resources/Fonts & Materials/caviar_dreams/CaviarDreams_Italic.ttf using Guid(9cf04d2852ef70b45b8bab8986357dce) Importer(815301076,1909f56bfc062723c751e8b465ee728b)  -> (artifact id: '2b7af60a774204061e5e4b86fdaad410') in 0.033356 seconds 
========================================================================
Received Import Request.
  Time since last request: 24.371895 seconds.
  path: Assets/TextMesh Pro/Resources/Fonts & Materials/BillieDEMO-Black SDF.asset
  artifactKey: Guid(a3877eecd8a40b94b946ab6cbf845fc5) Importer(815301076,1909f56bfc062723c751e8b465ee728b)
Start importing Assets/TextMesh Pro/Resources/Fonts & Materials/BillieDEMO-Black SDF.asset using Guid(a3877eecd8a40b94b946ab6cbf845fc5) Importer(815301076,1909f56bfc062723c751e8b465ee728b)  -> (artifact id: '7362cfe4fe1b7a703d796975dd0a926d') in 0.056131 seconds 
========================================================================
Received Import Request.
  Time since last request: 0.000258 seconds.
  path: Assets/TextMesh Pro/Resources/Fonts & Materials/CaviarDreams SDF.asset
  artifactKey: Guid(d181e133713924249ba84f5611ba880c) Importer(815301076,1909f56bfc062723c751e8b465ee728b)
Start importing Assets/TextMesh Pro/Resources/Fonts & Materials/CaviarDreams SDF.asset using Guid(d181e133713924249ba84f5611ba880c) Importer(815301076,1909f56bfc062723c751e8b465ee728b)  -> (artifact id: '804f903a8a430ab4bd745ac527cdb89a') in 0.037716 seconds 
========================================================================
Received Import Request.
  Time since last request: 0.000034 seconds.
  path: Assets/TextMesh Pro/Resources/Fonts & Materials/LiberationSans SDF - Fallback.asset
  artifactKey: Guid(2e498d1c8094910479dc3e1b768306a4) Importer(815301076,1909f56bfc062723c751e8b465ee728b)
Start importing Assets/TextMesh Pro/Resources/Fonts & Materials/LiberationSans SDF - Fallback.asset using Guid(2e498d1c8094910479dc3e1b768306a4) Importer(815301076,1909f56bfc062723c751e8b465ee728b)  -> (artifact id: '7b773e8be1e81ef5f5d30d09663b8947') in 0.035925 seconds 
========================================================================
Received Import Request.
  Time since last request: 2.515589 seconds.
  path: Assets/TextMesh Pro/Resources/Fonts & Materials/champagne_limousines/Champagne & Limousines Bold.ttf
  artifactKey: Guid(08c127e58390b644fabe29da6482d5a9) Importer(815301076,1909f56bfc062723c751e8b465ee728b)
Start importing Assets/TextMesh Pro/Resources/Fonts & Materials/champagne_limousines/Champagne & Limousines Bold.ttf using Guid(08c127e58390b644fabe29da6482d5a9) Importer(815301076,1909f56bfc062723c751e8b465ee728b)  -> (artifact id: 'e2b3bfbba219c509de99195bed184ac5') in 0.021283 seconds 
========================================================================
Received Import Request.
  Time since last request: 0.000040 seconds.
  path: Assets/TextMesh Pro/Resources/Fonts & Materials/champagne_limousines/Champagne & Limousines.ttf
  artifactKey: Guid(115ef313aa854d34b9bcb1a75eb03e25) Importer(815301076,1909f56bfc062723c751e8b465ee728b)
Start importing Assets/TextMesh Pro/Resources/Fonts & Materials/champagne_limousines/Champagne & Limousines.ttf using Guid(115ef313aa854d34b9bcb1a75eb03e25) Importer(815301076,1909f56bfc062723c751e8b465ee728b)  -> (artifact id: '89379dfe6a57c1d42964d54818778892') in 0.023380 seconds 
========================================================================
Received Import Request.
  Time since last request: 9.467059 seconds.
  path: Assets/TextMesh Pro/Resources/Fonts & Materials/cocogoose_classic/Cocogoose_classic_by_Zetafonts.png
  artifactKey: Guid(1aeceb06589865746a99d19f5ed13acb) Importer(815301076,1909f56bfc062723c751e8b465ee728b)
Start importing Assets/TextMesh Pro/Resources/Fonts & Materials/cocogoose_classic/Cocogoose_classic_by_Zetafonts.png using Guid(1aeceb06589865746a99d19f5ed13acb) Importer(815301076,1909f56bfc062723c751e8b465ee728b)  -> (artifact id: '4aaaa19b7c4a4c5028230e69a28def14') in 0.122437 seconds 
========================================================================
Received Import Request.
  Time since last request: 12.915074 seconds.
  path: Assets/TextMesh Pro/Resources/Fonts & Materials/cream_2/presentation-01.png
  artifactKey: Guid(ee3d0b6aca3ed5346a689830ea4708c6) Importer(815301076,1909f56bfc062723c751e8b465ee728b)
Start importing Assets/TextMesh Pro/Resources/Fonts & Materials/cream_2/presentation-01.png using Guid(ee3d0b6aca3ed5346a689830ea4708c6) Importer(815301076,1909f56bfc062723c751e8b465ee728b)  -> (artifact id: '95cd8983fb236f955f10750c6115ff32') in 0.071825 seconds 
========================================================================
Received Import Request.
  Time since last request: 12.615357 seconds.
  path: Assets/TextMesh Pro/Resources/Fonts & Materials/deep_shadow/Deep Shadow.ttf
  artifactKey: Guid(ef44d63a097375f49ae2defe86557845) Importer(815301076,1909f56bfc062723c751e8b465ee728b)
Start importing Assets/TextMesh Pro/Resources/Fonts & Materials/deep_shadow/Deep Shadow.ttf using Guid(ef44d63a097375f49ae2defe86557845) Importer(815301076,1909f56bfc062723c751e8b465ee728b)  -> (artifact id: 'f0194c28c72e1eb10acb62aa9fb1f8ef') in 0.022371 seconds 
========================================================================
Received Import Request.
  Time since last request: 25.113587 seconds.
  path: Assets/TextMesh Pro/Resources/Fonts & Materials/fp_typewriter/FPTypewriterDEMO-ExtraLight.otf
  artifactKey: Guid(4e3b6730f72111446906bce3643109a3) Importer(815301076,1909f56bfc062723c751e8b465ee728b)
Start importing Assets/TextMesh Pro/Resources/Fonts & Materials/fp_typewriter/FPTypewriterDEMO-ExtraLight.otf using Guid(4e3b6730f72111446906bce3643109a3) Importer(815301076,1909f56bfc062723c751e8b465ee728b)  -> (artifact id: '17d28fe5f7b25fafab2dbf3c8698eede') in 0.029762 seconds 
========================================================================
Received Import Request.
  Time since last request: 0.000043 seconds.
  path: Assets/TextMesh Pro/Resources/Fonts & Materials/fp_typewriter/FPTypewriterDEMO-RegularItalic.otf
  artifactKey: Guid(798e0873b2bb2a34b854c4c612c4dd81) Importer(815301076,1909f56bfc062723c751e8b465ee728b)
Start importing Assets/TextMesh Pro/Resources/Fonts & Materials/fp_typewriter/FPTypewriterDEMO-RegularItalic.otf using Guid(798e0873b2bb2a34b854c4c612c4dd81) Importer(815301076,1909f56bfc062723c751e8b465ee728b)  -> (artifact id: '8af8bb0a20e791b5a8c883508fcdf356') in 0.041845 seconds 
========================================================================
Received Import Request.
  Time since last request: 0.000035 seconds.
  path: Assets/TextMesh Pro/Resources/Fonts & Materials/fp_typewriter/FPTypewriterDEMO-Light.otf
  artifactKey: Guid(a01ddf223a092c04791095f4afbd2569) Importer(815301076,1909f56bfc062723c751e8b465ee728b)
Start importing Assets/TextMesh Pro/Resources/Fonts & Materials/fp_typewriter/FPTypewriterDEMO-Light.otf using Guid(a01ddf223a092c04791095f4afbd2569) Importer(815301076,1909f56bfc062723c751e8b465ee728b)  -> (artifact id: '8432ce7f2aa7bfa3254435b62d370af2') in 0.021239 seconds 
========================================================================
Received Import Request.
  Time since last request: 72.035147 seconds.
  path: Assets/TextMesh Pro/Resources/Fonts & Materials/jmh_typewriter/JMH Typewriter-Black.ttf
  artifactKey: Guid(7660f8a359434764fa3bc82cdf5c6ce6) Importer(815301076,1909f56bfc062723c751e8b465ee728b)
Start importing Assets/TextMesh Pro/Resources/Fonts & Materials/jmh_typewriter/JMH Typewriter-Black.ttf using Guid(7660f8a359434764fa3bc82cdf5c6ce6) Importer(815301076,1909f56bfc062723c751e8b465ee728b)  -> (artifact id: '0fd71ac82962ab98d9a321bc91b8b7c9') in 0.025270 seconds 
========================================================================
Received Import Request.
  Time since last request: 0.000051 seconds.
  path: Assets/TextMesh Pro/Resources/Fonts & Materials/jmh_typewriter/JMH Typewriter-Bold.ttf
  artifactKey: Guid(af99134297886a74b853cc3ed6670aab) Importer(815301076,1909f56bfc062723c751e8b465ee728b)
Start importing Assets/TextMesh Pro/Resources/Fonts & Materials/jmh_typewriter/JMH Typewriter-Bold.ttf using Guid(af99134297886a74b853cc3ed6670aab) Importer(815301076,1909f56bfc062723c751e8b465ee728b)  -> (artifact id: '77fb00a7a9113d26036b3a61d792a749') in 0.034377 seconds 
========================================================================
Received Import Request.
  Time since last request: 0.000050 seconds.
  path: Assets/TextMesh Pro/Resources/Fonts & Materials/jmh_typewriter/JMH Typewriter-Bold.otf
  artifactKey: Guid(fad528cda5442084386c7920488fafe2) Importer(815301076,1909f56bfc062723c751e8b465ee728b)
Start importing Assets/TextMesh Pro/Resources/Fonts & Materials/jmh_typewriter/JMH Typewriter-Bold.otf using Guid(fad528cda5442084386c7920488fafe2) Importer(815301076,1909f56bfc062723c751e8b465ee728b)  -> (artifact id: '9118e326d98f6bb7e10c49dcf8d05286') in 0.026905 seconds 
========================================================================
Received Import Request.
  Time since last request: 0.000045 seconds.
  path: Assets/TextMesh Pro/Resources/Fonts & Materials/jmh_typewriter/JMH Typewriter-Thin.ttf
  artifactKey: Guid(fb58520bab8bb2f46a9500ebd23c5197) Importer(815301076,1909f56bfc062723c751e8b465ee728b)
Start importing Assets/TextMesh Pro/Resources/Fonts & Materials/jmh_typewriter/JMH Typewriter-Thin.ttf using Guid(fb58520bab8bb2f46a9500ebd23c5197) Importer(815301076,1909f56bfc062723c751e8b465ee728b)  -> (artifact id: '69e08e15cf073a325d362ca27c3d5cbd') in 0.025144 seconds 
========================================================================
Received Import Request.
  Time since last request: 46.794228 seconds.
  path: Assets/TextMesh Pro/Resources/Fonts & Materials/Cocogoose-Classic-Medium-trial SDF.asset
  artifactKey: Guid(cfe09c556eb470749b1133f7eb980991) Importer(815301076,1909f56bfc062723c751e8b465ee728b)
Start importing Assets/TextMesh Pro/Resources/Fonts & Materials/Cocogoose-Classic-Medium-trial SDF.asset using Guid(cfe09c556eb470749b1133f7eb980991) Importer(815301076,1909f56bfc062723c751e8b465ee728b)  -> (artifact id: 'c5e2565923e9455e5325df15d5a987bf') in 0.025316 seconds 
========================================================================
Received Import Request.
  Time since last request: 8.062305 seconds.
  path: Assets/TextMesh Pro/Resources/Fonts & Materials/leyendo/LeyendoDEMO-BlackItalic.otf
  artifactKey: Guid(0d5364188815d2a49b8fea1644925dff) Importer(815301076,1909f56bfc062723c751e8b465ee728b)
Start importing Assets/TextMesh Pro/Resources/Fonts & Materials/leyendo/LeyendoDEMO-BlackItalic.otf using Guid(0d5364188815d2a49b8fea1644925dff) Importer(815301076,1909f56bfc062723c751e8b465ee728b)  -> (artifact id: '445002b36b1ac028f489c3e8de26003a') in 0.022468 seconds 
========================================================================
Received Import Request.
  Time since last request: 0.000027 seconds.
  path: Assets/TextMesh Pro/Resources/Fonts & Materials/leyendo/LeyendoDEMO-Medium.otf
  artifactKey: Guid(d16ae3f989fed8147a3e0b1f3c955427) Importer(815301076,1909f56bfc062723c751e8b465ee728b)
Start importing Assets/TextMesh Pro/Resources/Fonts & Materials/leyendo/LeyendoDEMO-Medium.otf using Guid(d16ae3f989fed8147a3e0b1f3c955427) Importer(815301076,1909f56bfc062723c751e8b465ee728b)  -> (artifact id: 'b82a2232fe391cb3215bfd0a65ac672e') in 0.029138 seconds 
========================================================================
Received Import Request.
  Time since last request: 0.000029 seconds.
  path: Assets/TextMesh Pro/Resources/Fonts & Materials/leyendo/LeyendoDEMO-SemiBoldItalic.otf
  artifactKey: Guid(23077323dc9c0c1448d111c79aefabf3) Importer(815301076,1909f56bfc062723c751e8b465ee728b)
Start importing Assets/TextMesh Pro/Resources/Fonts & Materials/leyendo/LeyendoDEMO-SemiBoldItalic.otf using Guid(23077323dc9c0c1448d111c79aefabf3) Importer(815301076,1909f56bfc062723c751e8b465ee728b)  -> (artifact id: 'cc7e02801c5a8cfe27bd0a2c57c165bd') in 0.027712 seconds 
========================================================================
Received Import Request.
  Time since last request: 0.000037 seconds.
  path: Assets/TextMesh Pro/Resources/Fonts & Materials/leyendo/LeyendoDEMO-SemiBold.otf
  artifactKey: Guid(341e57ffe390b7b4a904e7fd42af0d61) Importer(815301076,1909f56bfc062723c751e8b465ee728b)
Start importing Assets/TextMesh Pro/Resources/Fonts & Materials/leyendo/LeyendoDEMO-SemiBold.otf using Guid(341e57ffe390b7b4a904e7fd42af0d61) Importer(815301076,1909f56bfc062723c751e8b465ee728b)  -> (artifact id: '7216cba15c43bcb8ca97b378a7038969') in 0.033658 seconds 
========================================================================
Received Import Request.
  Time since last request: 12.011200 seconds.
  path: Assets/TextMesh Pro/Resources/Fonts & Materials/mermaid/Mermaid1001.ttf
  artifactKey: Guid(87222584ef94b0c409406cfebab032b4) Importer(815301076,1909f56bfc062723c751e8b465ee728b)
Start importing Assets/TextMesh Pro/Resources/Fonts & Materials/mermaid/Mermaid1001.ttf using Guid(87222584ef94b0c409406cfebab032b4) Importer(815301076,1909f56bfc062723c751e8b465ee728b)  -> (artifact id: '08d70ca392fe056b5bb9d560ede3ab78') in 0.027085 seconds 
========================================================================
Received Import Request.
  Time since last request: 15.031885 seconds.
  path: Assets/TextMesh Pro/Resources/Fonts & Materials/philosopher/Philosopher-BoldItalic.ttf
  artifactKey: Guid(3a3af7349da3060409fd71a76e1d2ffd) Importer(815301076,1909f56bfc062723c751e8b465ee728b)
Start importing Assets/TextMesh Pro/Resources/Fonts & Materials/philosopher/Philosopher-BoldItalic.ttf using Guid(3a3af7349da3060409fd71a76e1d2ffd) Importer(815301076,1909f56bfc062723c751e8b465ee728b)  -> (artifact id: '78b8382beb81939a540abb968ce63a79') in 0.035202 seconds 
========================================================================
Received Import Request.
  Time since last request: 12.566594 seconds.
  path: Assets/TextMesh Pro/Resources/Fonts & Materials/pieces_of_eight/Pieces of Eight.jpg
  artifactKey: Guid(ba5f4897d9aa5b84a97fd1741a388535) Importer(815301076,1909f56bfc062723c751e8b465ee728b)
Start importing Assets/TextMesh Pro/Resources/Fonts & Materials/pieces_of_eight/Pieces of Eight.jpg using Guid(ba5f4897d9aa5b84a97fd1741a388535) Importer(815301076,1909f56bfc062723c751e8b465ee728b)  -> (artifact id: '260d1da524e71d892b8fd131f5fbd5ec') in 0.076612 seconds 
========================================================================
Received Import Request.
  Time since last request: 20.637886 seconds.
  path: Assets/TextMesh Pro/Resources/Fonts & Materials/quicksand/Quicksand_Bold_Oblique.otf
  artifactKey: Guid(983f5709efe51604d8b9b1eb540b2d38) Importer(815301076,1909f56bfc062723c751e8b465ee728b)
Start importing Assets/TextMesh Pro/Resources/Fonts & Materials/quicksand/Quicksand_Bold_Oblique.otf using Guid(983f5709efe51604d8b9b1eb540b2d38) Importer(815301076,1909f56bfc062723c751e8b465ee728b)  -> (artifact id: '892cacc60ac1ef94ac74c70fa7a45bdf') in 0.028639 seconds 
========================================================================
Received Import Request.
  Time since last request: 0.000058 seconds.
  path: Assets/TextMesh Pro/Resources/Fonts & Materials/quicksand/Quicksand_Light.otf
  artifactKey: Guid(97f6994350730a14fb558d327425e2bc) Importer(815301076,1909f56bfc062723c751e8b465ee728b)
Start importing Assets/TextMesh Pro/Resources/Fonts & Materials/quicksand/Quicksand_Light.otf using Guid(97f6994350730a14fb558d327425e2bc) Importer(815301076,1909f56bfc062723c751e8b465ee728b)  -> (artifact id: 'c54cddea61d7dfeb783ecc97957fca83') in 0.041450 seconds 
========================================================================
Received Import Request.
  Time since last request: 0.000049 seconds.
  path: Assets/TextMesh Pro/Resources/Fonts & Materials/quicksand/Quicksand_Book_Oblique.otf
  artifactKey: Guid(1b738ac417c61b3418071b8f654a5753) Importer(815301076,1909f56bfc062723c751e8b465ee728b)
Start importing Assets/TextMesh Pro/Resources/Fonts & Materials/quicksand/Quicksand_Book_Oblique.otf using Guid(1b738ac417c61b3418071b8f654a5753) Importer(815301076,1909f56bfc062723c751e8b465ee728b)  -> (artifact id: 'f11192b700c94e44860a4363adec2f64') in 0.026587 seconds 
========================================================================
Received Import Request.
  Time since last request: 44.817073 seconds.
  path: Assets/TextMesh Pro/Resources/Fonts & Materials/roboto/Roboto-BlackItalic.ttf
  artifactKey: Guid(7f8b45fad9331c04bbf339eda128dff5) Importer(815301076,1909f56bfc062723c751e8b465ee728b)
Start importing Assets/TextMesh Pro/Resources/Fonts & Materials/roboto/Roboto-BlackItalic.ttf using Guid(7f8b45fad9331c04bbf339eda128dff5) Importer(815301076,1909f56bfc062723c751e8b465ee728b)  -> (artifact id: 'bb7a7510e891b4a93a9a5313ba58aa84') in 0.022867 seconds 
========================================================================
Received Import Request.
  Time since last request: 0.000033 seconds.
  path: Assets/TextMesh Pro/Resources/Fonts & Materials/roboto/Roboto-Thin.ttf
  artifactKey: Guid(54a5e5ecf03b0334c85c0e00bd942ab3) Importer(815301076,1909f56bfc062723c751e8b465ee728b)
Start importing Assets/TextMesh Pro/Resources/Fonts & Materials/roboto/Roboto-Thin.ttf using Guid(54a5e5ecf03b0334c85c0e00bd942ab3) Importer(815301076,1909f56bfc062723c751e8b465ee728b)  -> (artifact id: '07adc1b1ee12741ba75f3628722df975') in 0.029163 seconds 
========================================================================
Received Import Request.
  Time since last request: 0.000040 seconds.
  path: Assets/TextMesh Pro/Resources/Fonts & Materials/roboto/Roboto-ThinItalic.ttf
  artifactKey: Guid(d47565730739b8549833771f4d1d7d9b) Importer(815301076,1909f56bfc062723c751e8b465ee728b)
Start importing Assets/TextMesh Pro/Resources/Fonts & Materials/roboto/Roboto-ThinItalic.ttf using Guid(d47565730739b8549833771f4d1d7d9b) Importer(815301076,1909f56bfc062723c751e8b465ee728b)  -> (artifact id: '4fbddee73194d09ed169bca33082e033') in 0.028439 seconds 
========================================================================
Received Import Request.
  Time since last request: 0.000024 seconds.
  path: Assets/TextMesh Pro/Resources/Fonts & Materials/roboto/Roboto-CondensedItalic.ttf
  artifactKey: Guid(77ccd5899bbdc024fb147cfe7a808cee) Importer(815301076,1909f56bfc062723c751e8b465ee728b)
Start importing Assets/TextMesh Pro/Resources/Fonts & Materials/roboto/Roboto-CondensedItalic.ttf using Guid(77ccd5899bbdc024fb147cfe7a808cee) Importer(815301076,1909f56bfc062723c751e8b465ee728b)  -> (artifact id: '5d128f073a9dbcd8cbc304069a736087') in 0.028326 seconds 
========================================================================
Received Import Request.
  Time since last request: 0.000032 seconds.
  path: Assets/TextMesh Pro/Resources/Fonts & Materials/roboto/Roboto-LightItalic.ttf
  artifactKey: Guid(8fac716296277894cb9351a787551ed8) Importer(815301076,1909f56bfc062723c751e8b465ee728b)
Start importing Assets/TextMesh Pro/Resources/Fonts & Materials/roboto/Roboto-LightItalic.ttf using Guid(8fac716296277894cb9351a787551ed8) Importer(815301076,1909f56bfc062723c751e8b465ee728b)  -> (artifact id: 'd166a1ca680c1a8cf484d1ba3e77f828') in 0.025714 seconds 
========================================================================
Received Import Request.
  Time since last request: 0.000021 seconds.
  path: Assets/TextMesh Pro/Resources/Fonts & Materials/roboto/Roboto-Regular.ttf
  artifactKey: Guid(a3c6425be21cf3f4397bb5d9fb6183e0) Importer(815301076,1909f56bfc062723c751e8b465ee728b)
Start importing Assets/TextMesh Pro/Resources/Fonts & Materials/roboto/Roboto-Regular.ttf using Guid(a3c6425be21cf3f4397bb5d9fb6183e0) Importer(815301076,1909f56bfc062723c751e8b465ee728b)  -> (artifact id: '4f90c0f13e01ffbdc5b097f663f0231e') in 0.022898 seconds 
========================================================================
Received Import Request.
  Time since last request: 22.311283 seconds.
  path: Assets/TextMesh Pro/Resources/Fonts & Materials/suiza_condensed/SuizaCondensedDEMO-BlackItalic.otf
  artifactKey: Guid(af765a2a31d9d37479c74858df23cacc) Importer(815301076,1909f56bfc062723c751e8b465ee728b)
Start importing Assets/TextMesh Pro/Resources/Fonts & Materials/suiza_condensed/SuizaCondensedDEMO-BlackItalic.otf using Guid(af765a2a31d9d37479c74858df23cacc) Importer(815301076,1909f56bfc062723c751e8b465ee728b)  -> (artifact id: '40f19ca971f1fb7654054eb81325cc83') in 0.023757 seconds 
========================================================================
Received Import Request.
  Time since last request: 0.000041 seconds.
  path: Assets/TextMesh Pro/Resources/Fonts & Materials/suiza_condensed/SuizaCondensedDEMO-SemiBold.otf
  artifactKey: Guid(a661945a7d4513c40ae7cddb7d60a296) Importer(815301076,1909f56bfc062723c751e8b465ee728b)
Start importing Assets/TextMesh Pro/Resources/Fonts & Materials/suiza_condensed/SuizaCondensedDEMO-SemiBold.otf using Guid(a661945a7d4513c40ae7cddb7d60a296) Importer(815301076,1909f56bfc062723c751e8b465ee728b)  -> (artifact id: '85a10f1ea3e9c8efa2f5ace17405238d') in 0.030447 seconds 
========================================================================
Received Import Request.
  Time since last request: 0.000126 seconds.
  path: Assets/TextMesh Pro/Resources/Fonts & Materials/suiza_condensed/SuizaCondensedDEMO-Medium.otf
  artifactKey: Guid(0550888bd3eb77c46b529fe3b0eb5cc8) Importer(815301076,1909f56bfc062723c751e8b465ee728b)
Start importing Assets/TextMesh Pro/Resources/Fonts & Materials/suiza_condensed/SuizaCondensedDEMO-Medium.otf using Guid(0550888bd3eb77c46b529fe3b0eb5cc8) Importer(815301076,1909f56bfc062723c751e8b465ee728b)  -> (artifact id: '246b5aede83025e965af20e8690215f5') in 0.023017 seconds 
========================================================================
Received Import Request.
  Time since last request: 0.000022 seconds.
  path: Assets/TextMesh Pro/Resources/Fonts & Materials/suiza_condensed/SuizaCondensedDEMO-LightItalic.otf
  artifactKey: Guid(b5a908eadd03e7944b434f721856bf78) Importer(815301076,1909f56bfc062723c751e8b465ee728b)
Start importing Assets/TextMesh Pro/Resources/Fonts & Materials/suiza_condensed/SuizaCondensedDEMO-LightItalic.otf using Guid(b5a908eadd03e7944b434f721856bf78) Importer(815301076,1909f56bfc062723c751e8b465ee728b)  -> (artifact id: '9d124f84a887222a582ff84618052d15') in 0.022347 seconds 
========================================================================
Received Import Request.
  Time since last request: 0.000030 seconds.
  path: Assets/TextMesh Pro/Resources/Fonts & Materials/suiza_condensed/SuizaCondensedDEMO-MediumItalic.otf
  artifactKey: Guid(2f319ee7df333c14791c8cb371125df1) Importer(815301076,1909f56bfc062723c751e8b465ee728b)
Start importing Assets/TextMesh Pro/Resources/Fonts & Materials/suiza_condensed/SuizaCondensedDEMO-MediumItalic.otf using Guid(2f319ee7df333c14791c8cb371125df1) Importer(815301076,1909f56bfc062723c751e8b465ee728b)  -> (artifact id: '6e557900179ac321410c0af4c5f6040d') in 0.027861 seconds 
========================================================================
Received Import Request.
  Time since last request: 0.000030 seconds.
  path: Assets/TextMesh Pro/Resources/Fonts & Materials/suiza_condensed/SuizaCondensedDEMO-ExtraLight.otf
  artifactKey: Guid(d3e3579247a0bac4792e72e72ef4526c) Importer(815301076,1909f56bfc062723c751e8b465ee728b)
Start importing Assets/TextMesh Pro/Resources/Fonts & Materials/suiza_condensed/SuizaCondensedDEMO-ExtraLight.otf using Guid(d3e3579247a0bac4792e72e72ef4526c) Importer(815301076,1909f56bfc062723c751e8b465ee728b)  -> (artifact id: '4b709d592b8cea8431de3a11d4cd3c50') in 0.036289 seconds 
========================================================================
Received Import Request.
  Time since last request: 0.000038 seconds.
  path: Assets/TextMesh Pro/Resources/Fonts & Materials/suiza_condensed/SuizaCondensedDEMO-ExtraLightItalic.otf
  artifactKey: Guid(80a1553a21e4082499c3b9b7bc2396d7) Importer(815301076,1909f56bfc062723c751e8b465ee728b)
Start importing Assets/TextMesh Pro/Resources/Fonts & Materials/suiza_condensed/SuizaCondensedDEMO-ExtraLightItalic.otf using Guid(80a1553a21e4082499c3b9b7bc2396d7) Importer(815301076,1909f56bfc062723c751e8b465ee728b)  -> (artifact id: 'b436edf1dca4bc2f927f68f11cfd0d38') in 0.041573 seconds 
========================================================================
Received Import Request.
  Time since last request: 32.884147 seconds.
  path: Assets/TextMesh Pro/Resources/Fonts & Materials/type_machine/type-machine-preview.png
  artifactKey: Guid(b804dcc782d86f24d9b55afc8d5ad3b2) Importer(815301076,1909f56bfc062723c751e8b465ee728b)
Start importing Assets/TextMesh Pro/Resources/Fonts & Materials/type_machine/type-machine-preview.png using Guid(b804dcc782d86f24d9b55afc8d5ad3b2) Importer(815301076,1909f56bfc062723c751e8b465ee728b)  -> (artifact id: '234639f23540ab88ad74eeabab5b1f69') in 0.077955 seconds 
========================================================================
Received Import Request.
  Time since last request: 6.775411 seconds.
  path: Assets/TextMesh Pro/Resources/Fonts & Materials/zabal/ZabalDEMO-BlackItalic.otf
  artifactKey: Guid(1e759e85732b19742a09595f17b2e5db) Importer(815301076,1909f56bfc062723c751e8b465ee728b)
Start importing Assets/TextMesh Pro/Resources/Fonts & Materials/zabal/ZabalDEMO-BlackItalic.otf using Guid(1e759e85732b19742a09595f17b2e5db) Importer(815301076,1909f56bfc062723c751e8b465ee728b)  -> (artifact id: 'a4c43058fb880e5012a5c680b37d25a5') in 0.023286 seconds 
========================================================================
Received Import Request.
  Time since last request: 0.000036 seconds.
  path: Assets/TextMesh Pro/Resources/Fonts & Materials/zabal/ZabalDEMO-ExtraBoldItalic.otf
  artifactKey: Guid(3843bcf444372c145a69fc17dfdb1fbf) Importer(815301076,1909f56bfc062723c751e8b465ee728b)
Start importing Assets/TextMesh Pro/Resources/Fonts & Materials/zabal/ZabalDEMO-ExtraBoldItalic.otf using Guid(3843bcf444372c145a69fc17dfdb1fbf) Importer(815301076,1909f56bfc062723c751e8b465ee728b)  -> (artifact id: 'e7df99b253ad4d76f9d01077ff700000') in 0.044379 seconds 
========================================================================
Received Import Request.
  Time since last request: 0.000036 seconds.
  path: Assets/TextMesh Pro/Resources/Fonts & Materials/zabal/ZabalDEMO-Ultra.otf
  artifactKey: Guid(8af7c587b5bf6444ba52c5924f967d00) Importer(815301076,1909f56bfc062723c751e8b465ee728b)
Start importing Assets/TextMesh Pro/Resources/Fonts & Materials/zabal/ZabalDEMO-Ultra.otf using Guid(8af7c587b5bf6444ba52c5924f967d00) Importer(815301076,1909f56bfc062723c751e8b465ee728b)  -> (artifact id: '7245f181ac3393ebba06e7ba30cd4c1a') in 0.044424 seconds 
========================================================================
Received Import Request.
  Time since last request: 0.000041 seconds.
  path: Assets/TextMesh Pro/Resources/Fonts & Materials/zabal/ZabalDEMO-LightItalic.otf
  artifactKey: Guid(233e69f0c9d098c46973bcd79ca809e7) Importer(815301076,1909f56bfc062723c751e8b465ee728b)
Start importing Assets/TextMesh Pro/Resources/Fonts & Materials/zabal/ZabalDEMO-LightItalic.otf using Guid(233e69f0c9d098c46973bcd79ca809e7) Importer(815301076,1909f56bfc062723c751e8b465ee728b)  -> (artifact id: '367fdf0a907c4946ea93aa461b5fe83f') in 0.048448 seconds 
========================================================================
Received Import Request.
  Time since last request: 0.000038 seconds.
  path: Assets/TextMesh Pro/Resources/Fonts & Materials/zabal/ZabalDEMO-MediumItalic.otf
  artifactKey: Guid(3a2167a7d9c868845aa661e64f93063e) Importer(815301076,1909f56bfc062723c751e8b465ee728b)
Start importing Assets/TextMesh Pro/Resources/Fonts & Materials/zabal/ZabalDEMO-MediumItalic.otf using Guid(3a2167a7d9c868845aa661e64f93063e) Importer(815301076,1909f56bfc062723c751e8b465ee728b)  -> (artifact id: 'f083129790e6e0e1f8614672aa9e2c61') in 0.039387 seconds 
========================================================================
Received Import Request.
  Time since last request: 0.000023 seconds.
  path: Assets/TextMesh Pro/Resources/Fonts & Materials/zabal/ZabalDEMO-SemiBoldItalic.otf
  artifactKey: Guid(2a8d1b36ee34b7b4185b086689881bc1) Importer(815301076,1909f56bfc062723c751e8b465ee728b)
Start importing Assets/TextMesh Pro/Resources/Fonts & Materials/zabal/ZabalDEMO-SemiBoldItalic.otf using Guid(2a8d1b36ee34b7b4185b086689881bc1) Importer(815301076,1909f56bfc062723c751e8b465ee728b)  -> (artifact id: '42fc74c00d0436da990a5ef6f092403d') in 0.023200 seconds 
========================================================================
Received Import Request.
  Time since last request: 42.207375 seconds.
  path: Assets/TextMesh Pro/Resources/Fonts & Materials/Deep Shadow Under SDF.asset
  artifactKey: Guid(a36be17995d3ab449803e31f542f7343) Importer(815301076,1909f56bfc062723c751e8b465ee728b)
Start importing Assets/TextMesh Pro/Resources/Fonts & Materials/Deep Shadow Under SDF.asset using Guid(a36be17995d3ab449803e31f542f7343) Importer(815301076,1909f56bfc062723c751e8b465ee728b)  -> (artifact id: '7a6aacfc5eed93a6f191d48d3c797249') in 0.034797 seconds 
========================================================================
Received Import Request.
  Time since last request: 0.000031 seconds.
  path: Assets/TextMesh Pro/Resources/Fonts & Materials/Fragmentcore SDF.asset
  artifactKey: Guid(357c6470fc6b0e44c9f84e423958b4fb) Importer(815301076,1909f56bfc062723c751e8b465ee728b)
Start importing Assets/TextMesh Pro/Resources/Fonts & Materials/Fragmentcore SDF.asset using Guid(357c6470fc6b0e44c9f84e423958b4fb) Importer(815301076,1909f56bfc062723c751e8b465ee728b)  -> (artifact id: '68454113806292d14ed63b20e2b73fd0') in 0.038453 seconds 
========================================================================
Received Import Request.
  Time since last request: 95.238816 seconds.
  path: Assets/TextMesh Pro/Resources/Fonts & Materials/CaviarDreams SDF.asset
  artifactKey: Guid(d181e133713924249ba84f5611ba880c) Importer(815301076,1909f56bfc062723c751e8b465ee728b)
Start importing Assets/TextMesh Pro/Resources/Fonts & Materials/CaviarDreams SDF.asset using Guid(d181e133713924249ba84f5611ba880c) Importer(815301076,1909f56bfc062723c751e8b465ee728b)  -> (artifact id: 'f1b707c592cb0c936a9f60553e837da1') in 0.031623 seconds 
========================================================================
Received Import Request.
  Time since last request: 0.000030 seconds.
  path: Assets/TextMesh Pro/Resources/Fonts & Materials/Champagne & Limousines Bold SDF.asset
  artifactKey: Guid(561f3ed9971333242afaa3f99e6a0841) Importer(815301076,1909f56bfc062723c751e8b465ee728b)
Start importing Assets/TextMesh Pro/Resources/Fonts & Materials/Champagne & Limousines Bold SDF.asset using Guid(561f3ed9971333242afaa3f99e6a0841) Importer(815301076,1909f56bfc062723c751e8b465ee728b)  -> (artifact id: 'f20dadfcf99bf9bd92f44df7cc3e4e3d') in 0.034121 seconds 
========================================================================
Received Import Request.
  Time since last request: 0.205279 seconds.
  path: Assets/TextMesh Pro/Resources/Fonts & Materials/JMH Typewriter-Black SDF.asset
  artifactKey: Guid(bcf235d7c1dea5c489abba94730bb22c) Importer(815301076,1909f56bfc062723c751e8b465ee728b)
Start importing Assets/TextMesh Pro/Resources/Fonts & Materials/JMH Typewriter-Black SDF.asset using Guid(bcf235d7c1dea5c489abba94730bb22c) Importer(815301076,1909f56bfc062723c751e8b465ee728b)  -> (artifact id: 'c0425c1ba1baf15cdb90193bb951a7bd') in 0.040166 seconds 
========================================================================
Received Import Request.
  Time since last request: 0.000032 seconds.
  path: Assets/TextMesh Pro/Resources/Fonts & Materials/LeyendoDEMO-Black SDF.asset
  artifactKey: Guid(264ddc25f2200d946bc8e69040ba3cda) Importer(815301076,1909f56bfc062723c751e8b465ee728b)
Start importing Assets/TextMesh Pro/Resources/Fonts & Materials/LeyendoDEMO-Black SDF.asset using Guid(264ddc25f2200d946bc8e69040ba3cda) Importer(815301076,1909f56bfc062723c751e8b465ee728b)  -> (artifact id: 'a0d78937f411e585476a657417b00d79') in 0.036102 seconds 
========================================================================
Received Import Request.
  Time since last request: 0.000036 seconds.
  path: Assets/TextMesh Pro/Resources/Fonts & Materials/JMH Typewriter-Thin SDF.asset
  artifactKey: Guid(a2172e9ca304f7c4081d28d69117fec4) Importer(815301076,1909f56bfc062723c751e8b465ee728b)
Start importing Assets/TextMesh Pro/Resources/Fonts & Materials/JMH Typewriter-Thin SDF.asset using Guid(a2172e9ca304f7c4081d28d69117fec4) Importer(815301076,1909f56bfc062723c751e8b465ee728b)  -> (artifact id: 'fef47b394bb411188b9e24d351598d7c') in 0.042520 seconds 
========================================================================
Received Import Request.
  Time since last request: 71.994944 seconds.
  path: Assets/TextMesh Pro/Resources/Fonts & Materials/Mermaid1001 SDF.asset
  artifactKey: Guid(cd99d48e004457b42b09775051955802) Importer(815301076,1909f56bfc062723c751e8b465ee728b)
Start importing Assets/TextMesh Pro/Resources/Fonts & Materials/Mermaid1001 SDF.asset using Guid(cd99d48e004457b42b09775051955802) Importer(815301076,1909f56bfc062723c751e8b465ee728b)  -> (artifact id: 'cf0dc1300d8b5c83fb68982248755355') in 0.027898 seconds 
========================================================================
Received Import Request.
  Time since last request: 4.313339 seconds.
  path: Assets/TextMesh Pro/Resources/Fonts & Materials/Pieces of Eight Alt SDF.asset
  artifactKey: Guid(e8da74f077887a946a7d846eec14375b) Importer(815301076,1909f56bfc062723c751e8b465ee728b)
Start importing Assets/TextMesh Pro/Resources/Fonts & Materials/Pieces of Eight Alt SDF.asset using Guid(e8da74f077887a946a7d846eec14375b) Importer(815301076,1909f56bfc062723c751e8b465ee728b)  -> (artifact id: 'a4bd8259ce0541bd4083ab5a95490679') in 0.034243 seconds 
========================================================================
Received Import Request.
  Time since last request: 4.850872 seconds.
  path: Assets/TextMesh Pro/Resources/Fonts & Materials/Quicksand_Book SDF.asset
  artifactKey: Guid(dda43ec943ba3a54fae2dbd9012a493c) Importer(815301076,1909f56bfc062723c751e8b465ee728b)
Start importing Assets/TextMesh Pro/Resources/Fonts & Materials/Quicksand_Book SDF.asset using Guid(dda43ec943ba3a54fae2dbd9012a493c) Importer(815301076,1909f56bfc062723c751e8b465ee728b)  -> (artifact id: '5cdd8511d82fe28b768406cb4901a189') in 0.027665 seconds 
========================================================================
Received Import Request.
  Time since last request: 0.000054 seconds.
  path: Assets/TextMesh Pro/Resources/Fonts & Materials/Quicksand_Light SDF.asset
  artifactKey: Guid(bbf75a39d742ddc418b2f11c8cce915c) Importer(815301076,1909f56bfc062723c751e8b465ee728b)
Start importing Assets/TextMesh Pro/Resources/Fonts & Materials/Quicksand_Light SDF.asset using Guid(bbf75a39d742ddc418b2f11c8cce915c) Importer(815301076,1909f56bfc062723c751e8b465ee728b)  -> (artifact id: '0b587a07b7fdbcd1647579e975717244') in 0.031456 seconds 
========================================================================
Received Import Request.
  Time since last request: 6.400004 seconds.
  path: Assets/TextMesh Pro/Resources/Fonts & Materials/Roboto-Black SDF.asset
  artifactKey: Guid(b78e8e28cb8132a478b86e38c3270ef9) Importer(815301076,1909f56bfc062723c751e8b465ee728b)
Start importing Assets/TextMesh Pro/Resources/Fonts & Materials/Roboto-Black SDF.asset using Guid(b78e8e28cb8132a478b86e38c3270ef9) Importer(815301076,1909f56bfc062723c751e8b465ee728b)  -> (artifact id: '64b35f4a6e598d28cdd6fe9d26e5c2eb') in 0.031595 seconds 
========================================================================
Received Import Request.
  Time since last request: 21.303811 seconds.
  path: Assets/TextMesh Pro/Resources/Fonts & Materials/SuizaCondensedDEMO-Medium SDF.asset
  artifactKey: Guid(2c340fddbc1d62b46b809ba13c9fef5a) Importer(815301076,1909f56bfc062723c751e8b465ee728b)
Start importing Assets/TextMesh Pro/Resources/Fonts & Materials/SuizaCondensedDEMO-Medium SDF.asset using Guid(2c340fddbc1d62b46b809ba13c9fef5a) Importer(815301076,1909f56bfc062723c751e8b465ee728b)  -> (artifact id: 'cafdedc771456f195ace5f21207cf852') in 0.050925 seconds 
========================================================================
Received Import Request.
  Time since last request: 0.801212 seconds.
  path: Assets/TextMesh Pro/Resources/Fonts & Materials/ZabalDEMO-Black SDF.asset
  artifactKey: Guid(fb7cb6c113d9e4040b1c15ef68d9b97f) Importer(815301076,1909f56bfc062723c751e8b465ee728b)
Start importing Assets/TextMesh Pro/Resources/Fonts & Materials/ZabalDEMO-Black SDF.asset using Guid(fb7cb6c113d9e4040b1c15ef68d9b97f) Importer(815301076,1909f56bfc062723c751e8b465ee728b)  -> (artifact id: '5fc77358aa55650612c8fd95226958cd') in 0.034785 seconds 
========================================================================
Received Prepare
Registering precompiled user dll's ...
Registered in 0.006928 seconds.
Begin MonoManager ReloadAssembly
Symbol file LoadedFromMemory doesn't match image C:\Users\malor\OneDrive\Documents\GitHub\y3abOl\Farside\Library\PackageCache\com.unity.visualscripting@1.7.6\Editor\VisualScripting.Core\Dependencies\YamlDotNet\Unity.VisualScripting.YamlDotNet.dll
Symbol file LoadedFromMemory doesn't match image C:\Users\malor\OneDrive\Documents\GitHub\y3abOl\Farside\Library\PackageCache\com.unity.visualscripting@1.7.6\Editor\VisualScripting.Core\Dependencies\DotNetZip\Unity.VisualScripting.IonicZip.dll
Native extension for WindowsStandalone target not found
Native extension for WebGL target not found
Refreshing native plugins compatible for Editor in 1.19 ms, found 4 plugins.
Preloading 0 native plugins for Editor in 0.00 ms.
Mono: successfully reloaded assembly
- Completed reload, in  1.264 seconds
Domain Reload Profiling:
	ReloadAssembly (1265ms)
		BeginReloadAssembly (132ms)
			ExecutionOrderSort (0ms)
			DisableScriptedObjects (6ms)
			BackupInstance (0ms)
			ReleaseScriptingObjects (0ms)
			CreateAndSetChildDomain (42ms)
		EndReloadAssembly (1015ms)
			LoadAssemblies (107ms)
			RebuildTransferFunctionScriptingTraits (0ms)
			SetupTypeCache (310ms)
			ReleaseScriptCaches (2ms)
			RebuildScriptCaches (66ms)
			SetupLoadedEditorAssemblies (452ms)
				LogAssemblyErrors (0ms)
				InitializePlatformSupportModulesInManaged (20ms)
				SetLoadedEditorAssemblies (1ms)
				RefreshPlugins (1ms)
				BeforeProcessingInitializeOnLoad (102ms)
				ProcessInitializeOnLoadAttributes (267ms)
				ProcessInitializeOnLoadMethodAttributes (50ms)
				AfterProcessingInitializeOnLoad (11ms)
				EditorAssembliesLoaded (0ms)
			ExecutionOrderSort2 (0ms)
			AwakeInstancesAfterBackupRestoration (10ms)
Platform modules already initialized, skipping
Refreshing native plugins compatible for Editor in 3.75 ms, found 4 plugins.
Preloading 0 native plugins for Editor in 0.00 ms.
Unloading 4235 Unused Serialized files (Serialized files now loaded: 0)
Unloading 24 unused Assets / (24.7 KB). Loaded Objects now: 4780.
Memory consumption went from 161.9 MB to 161.8 MB.
Total: 4.415600 ms (FindLiveObjects: 0.365500 ms CreateObjectMapping: 0.218900 ms MarkObjects: 3.777300 ms  DeleteObjects: 0.052400 ms)

AssetImportParameters requested are different than current active one (requested -> active):
  custom:video-decoder-ogg-theora: a1e56fd34408186e4bbccfd4996cb3dc -> 
  custom:container-muxer-webm: aa71ff27fc2769a1b78a27578f13a17b -> 
  custom:container-demuxer-webm: 4f35f7cbe854078d1ac9338744f61a02 -> 
  custom:video-encoder-webm-vp8: eb34c28f22e8b96e1ab97ce403110664 -> 
  custom:video-codec-MediaFoundation-h265: 746d11721c4dcdbdad8f713fa42b33f4 -> 
  custom:audio-encoder-webm-vorbis: bf7c407c2cedff20999df2af8eb42d56 -> 
  custom:framework-win-MediaFoundation: 216162199b28c13a410421893ffa2e32 -> 
  custom:container-demuxer-ogg: 62fdf1f143b41e24485cea50d1cbac27 -> 
  custom:video-decoder-webm-vp8: 9c59270c3fd7afecdb556c50c9e8de78 -> 
  custom:audio-decoder-ogg-vorbis: bf7c407c2cedff20999df2af8eb42d56 -> 
========================================================================
Received Import Request.
  Time since last request: 119.790752 seconds.
  path: Assets/TextMesh Pro/Resources/Fonts & Materials/Philosopher-Regular SDF.asset
  artifactKey: Guid(5f10ae113afce0f4aba54ca548d56ff5) Importer(815301076,1909f56bfc062723c751e8b465ee728b)
Start importing Assets/TextMesh Pro/Resources/Fonts & Materials/Philosopher-Regular SDF.asset using Guid(5f10ae113afce0f4aba54ca548d56ff5) Importer(815301076,1909f56bfc062723c751e8b465ee728b)  -> (artifact id: 'df591fe665d7ff62bd8bb4411077d21b') in 0.139505 seconds 
========================================================================
Received Import Request.
  Time since last request: 0.000026 seconds.
  path: Assets/TextMesh Pro/Resources/Fonts & Materials/Quicksand_Bold SDF.asset
  artifactKey: Guid(86a59c66350d66247b4e261f907d2c1a) Importer(815301076,1909f56bfc062723c751e8b465ee728b)
Start importing Assets/TextMesh Pro/Resources/Fonts & Materials/Quicksand_Bold SDF.asset using Guid(86a59c66350d66247b4e261f907d2c1a) Importer(815301076,1909f56bfc062723c751e8b465ee728b)  -> (artifact id: '5f0e2f9ce199f0a6a876d9f526885a6f') in 0.028510 seconds 
========================================================================
Received Prepare
Registering precompiled user dll's ...
Registered in 0.008150 seconds.
Begin MonoManager ReloadAssembly
Symbol file LoadedFromMemory doesn't match image C:\Users\malor\OneDrive\Documents\GitHub\y3abOl\Farside\Library\PackageCache\com.unity.visualscripting@1.7.6\Editor\VisualScripting.Core\Dependencies\YamlDotNet\Unity.VisualScripting.YamlDotNet.dll
Symbol file LoadedFromMemory doesn't match image C:\Users\malor\OneDrive\Documents\GitHub\y3abOl\Farside\Library\PackageCache\com.unity.visualscripting@1.7.6\Editor\VisualScripting.Core\Dependencies\DotNetZip\Unity.VisualScripting.IonicZip.dll
Native extension for WindowsStandalone target not found
Native extension for WebGL target not found
Refreshing native plugins compatible for Editor in 1.85 ms, found 4 plugins.
Preloading 0 native plugins for Editor in 0.00 ms.
Mono: successfully reloaded assembly
- Completed reload, in  1.266 seconds
Domain Reload Profiling:
	ReloadAssembly (1266ms)
		BeginReloadAssembly (150ms)
			ExecutionOrderSort (0ms)
			DisableScriptedObjects (8ms)
			BackupInstance (0ms)
			ReleaseScriptingObjects (0ms)
			CreateAndSetChildDomain (48ms)
		EndReloadAssembly (1000ms)
			LoadAssemblies (91ms)
			RebuildTransferFunctionScriptingTraits (0ms)
			SetupTypeCache (302ms)
			ReleaseScriptCaches (2ms)
			RebuildScriptCaches (71ms)
			SetupLoadedEditorAssemblies (456ms)
				LogAssemblyErrors (0ms)
				InitializePlatformSupportModulesInManaged (23ms)
				SetLoadedEditorAssemblies (1ms)
				RefreshPlugins (2ms)
				BeforeProcessingInitializeOnLoad (111ms)
				ProcessInitializeOnLoadAttributes (257ms)
				ProcessInitializeOnLoadMethodAttributes (52ms)
				AfterProcessingInitializeOnLoad (11ms)
				EditorAssembliesLoaded (0ms)
			ExecutionOrderSort2 (0ms)
			AwakeInstancesAfterBackupRestoration (10ms)
Platform modules already initialized, skipping
Refreshing native plugins compatible for Editor in 4.23 ms, found 4 plugins.
Preloading 0 native plugins for Editor in 0.00 ms.
Unloading 4235 Unused Serialized files (Serialized files now loaded: 0)
Unloading 24 unused Assets / (24.7 KB). Loaded Objects now: 4783.
Memory consumption went from 161.9 MB to 161.9 MB.
Total: 4.454000 ms (FindLiveObjects: 0.694300 ms CreateObjectMapping: 0.396600 ms MarkObjects: 3.335400 ms  DeleteObjects: 0.026100 ms)

AssetImportParameters requested are different than current active one (requested -> active):
  custom:video-decoder-ogg-theora: a1e56fd34408186e4bbccfd4996cb3dc -> 
  custom:container-muxer-webm: aa71ff27fc2769a1b78a27578f13a17b -> 
  custom:container-demuxer-webm: 4f35f7cbe854078d1ac9338744f61a02 -> 
  custom:video-encoder-webm-vp8: eb34c28f22e8b96e1ab97ce403110664 -> 
  custom:video-codec-MediaFoundation-h265: 746d11721c4dcdbdad8f713fa42b33f4 -> 
  custom:audio-encoder-webm-vorbis: bf7c407c2cedff20999df2af8eb42d56 -> 
  custom:framework-win-MediaFoundation: 216162199b28c13a410421893ffa2e32 -> 
  custom:container-demuxer-ogg: 62fdf1f143b41e24485cea50d1cbac27 -> 
  custom:video-decoder-webm-vp8: 9c59270c3fd7afecdb556c50c9e8de78 -> 
  custom:audio-decoder-ogg-vorbis: bf7c407c2cedff20999df2af8eb42d56 -> 
